[2016.04.29-00.07.30:399][  0]Log file open, 04/28/16 17:07:30
[2016.04.29-00.07.30:399][  0]LogInit:Display: Running engine for game: cut2
[2016.04.29-00.07.30:399][  0]LogPlatformFile: Not using cached read wrapper
[2016.04.29-00.07.30:399][  0]LogInit:Display: RandInit(-934341905) SRandInit(-934341904).
[2016.04.29-00.07.30:399][  0]LogTaskGraph: Started task graph with 4 named threads and 7 total threads.
[2016.04.29-00.07.30:399][  0]LogStats: Stats thread started at 0.080931
[2016.04.29-00.07.30:399][  0]LogInit: Version: 4.10.4-2872498+++depot+UE4-Releases+4.10
[2016.04.29-00.07.30:399][  0]LogInit: API Version: 2758231
[2016.04.29-00.07.30:399][  0]LogInit: Compiled (64-bit): Feb 18 2016 15:47:04
[2016.04.29-00.07.30:399][  0]LogInit: Compiled with Visual C++: 19.00.23026.00
[2016.04.29-00.07.30:399][  0]LogInit: Build Configuration: Development
[2016.04.29-00.07.30:399][  0]LogInit: Branch Name: ++depot+UE4-Releases+4.10
[2016.04.29-00.07.30:399][  0]LogInit: Command line:  
[2016.04.29-00.07.30:399][  0]LogInit: Base directory: C:/Program Files (x86)/Epic Games/4.10/Engine/Binaries/Win64/
[2016.04.29-00.07.30:399][  0]LogInit: Rocket: 1
[2016.04.29-00.07.30:420][  0]LogInit: Using libcurl 7.41.0
[2016.04.29-00.07.30:420][  0]LogInit:  - built for x86_64-pc-win32
[2016.04.29-00.07.30:420][  0]LogInit:  - supports SSL with WinSSL
[2016.04.29-00.07.30:420][  0]LogInit:  - other features:
[2016.04.29-00.07.30:420][  0]LogInit:      CURL_VERSION_SSL
[2016.04.29-00.07.30:420][  0]LogInit:      CURL_VERSION_IPV6
[2016.04.29-00.07.30:420][  0]LogInit:      CURL_VERSION_ASYNCHDNS
[2016.04.29-00.07.30:420][  0]LogInit:      CURL_VERSION_LARGEFILE
[2016.04.29-00.07.30:420][  0]LogInit:      CURL_VERSION_IDN
[2016.04.29-00.07.30:420][  0]LogInit:  CurlRequestOptions (configurable via config and command line):
[2016.04.29-00.07.30:420][  0]LogInit:  - bVerifyPeer = true  - Libcurl will verify peer certificate
[2016.04.29-00.07.30:420][  0]LogInit:  - bUseHttpProxy = false  - Libcurl will NOT use HTTP proxy
[2016.04.29-00.07.30:420][  0]LogInit:  - bDontReuseConnections = false  - Libcurl will reuse connections
[2016.04.29-00.07.30:420][  0]LogInit:  - CertBundlePath = nullptr  - Libcurl will use whatever was configured at build time.
[2016.04.29-00.07.30:429][  0]LogInit: Presizing for 0 objects not considered by GC, pre-allocating 0 bytes.
[2016.04.29-00.07.30:436][  0]LogInit: Object subsystem initialized
[2016.04.29-00.07.30:437][  0]LogInit: Selected Device Profile: [Windows]
[2016.04.29-00.07.30:437][  0]LogInit: Applying CVar settings loaded from the selected device profile: [Windows]
[2016.04.29-00.07.30:592][  0]LogInit: Computer: 144-04
[2016.04.29-00.07.30:592][  0]LogInit: User: dbrey
[2016.04.29-00.07.30:592][  0]LogInit: CPU Page size=4096, Cores=4
[2016.04.29-00.07.30:592][  0]LogInit: High frequency timer resolution =2.922641 MHz
[2016.04.29-00.07.30:593][  0]LogMemory: Memory total: Physical=8.0GB (8GB approx)
[2016.04.29-00.07.30:593][  0]LogMemory: Platform Memory Stats for Windows
[2016.04.29-00.07.30:593][  0]LogMemory: Process Physical Memory: 56.50 MB used, 56.50 MB peak
[2016.04.29-00.07.30:593][  0]LogMemory: Process Virtual Memory: 59.02 MB used, 59.02 MB peak
[2016.04.29-00.07.30:593][  0]LogMemory: Physical Memory: 3807.94 MB used, 8149.74 MB total
[2016.04.29-00.07.30:593][  0]LogMemory: Virtual Memory: 367.68 MB used, 134217728.00 MB total
[2016.04.29-00.07.30:676][  0]LogTextLocalizationManager: No specific translations for ('en-US') exist, so ('en') translations will be used.
[2016.04.29-00.07.31:070][  0]LogD3D11RHI: Found D3D11 adapter 0: NVIDIA Quadro 2000 (Feature Level 11_0)
[2016.04.29-00.07.31:070][  0]LogD3D11RHI: Adapter has 963MB of dedicated video memory, 0MB of dedicated system memory, and 4074MB of shared system memory, 1 output[s]
[2016.04.29-00.07.31:072][  0]LogD3D11RHI: Found D3D11 adapter 1: Microsoft Basic Render Driver (Feature Level 11_0)
[2016.04.29-00.07.31:072][  0]LogD3D11RHI: Adapter has 0MB of dedicated video memory, 0MB of dedicated system memory, and 4074MB of shared system memory, 0 output[s]
[2016.04.29-00.07.31:074][  0]LogD3D11RHI: Chosen D3D11 Adapter Id = 0
[2016.04.29-00.07.31:080][  0]LogD3D11RHI: !Direct3DDevice
[2016.04.29-00.07.31:080][  0]LogRHI: Texture pool is 674 MB (70% of 963 MB)
[2016.04.29-00.07.31:090][  0]LogD3D11RHI: Async texture creation enabled
[2016.04.29-00.07.31:108][  0]LogShaderCompilers: Guid format shader working directory is 39 characters bigger than the processId version (D:/cut2/Intermediate/Shaders/WorkingDirectory/7984/).
[2016.04.29-00.07.31:108][  0]LogShaderCompilers: Cleaned the shader compiler working directory 'C:/Users/dbrey/AppData/Local/Temp/UnrealShaderWorkingDir/FF841431429F2CD44050DDA295667EBC/'.
[2016.04.29-00.07.31:108][  0]LogShaderCompilers:Display: Using Local Shader Compiler.
[2016.04.29-00.07.32:080][  0]LogTemp:Display: Loaded TP AllDesktopTargetPlatform
[2016.04.29-00.07.32:086][  0]LogTemp:Display: Loaded TP WindowsClientTargetPlatform
[2016.04.29-00.07.32:091][  0]LogTemp:Display: Loaded TP WindowsNoEditorTargetPlatform
[2016.04.29-00.07.32:105][  0]LogTemp:Display: Loaded TP WindowsServerTargetPlatform
[2016.04.29-00.07.32:119][  0]LogTemp:Display: Loaded TP WindowsTargetPlatform
[2016.04.29-00.07.32:132][  0]LogTemp:Display: Loaded TP AndroidTargetPlatform
[2016.04.29-00.07.32:143][  0]LogTemp:Display: Loaded TP Android_ASTCTargetPlatform
[2016.04.29-00.07.32:154][  0]LogTemp:Display: Loaded TP Android_ATCTargetPlatform
[2016.04.29-00.07.32:165][  0]LogTemp:Display: Loaded TP Android_DXTTargetPlatform
[2016.04.29-00.07.32:177][  0]LogTemp:Display: Loaded TP Android_ETC1TargetPlatform
[2016.04.29-00.07.32:188][  0]LogTemp:Display: Loaded TP Android_ETC2TargetPlatform
[2016.04.29-00.07.32:211][  0]LogTemp:Display: Loaded TP Android_MultiTargetPlatform
[2016.04.29-00.07.32:211][  0]LogTemp:Display: Loaded TP Android_PVRTCTargetPlatform
[2016.04.29-00.07.32:219][  0]LogTemp:Display: Loaded TP HTML5TargetPlatform
[2016.04.29-00.07.32:245][  0]LogTemp:Display: Loaded TP IOSTargetPlatform
[2016.04.29-00.07.32:256][  0]LogTemp:Display: Loaded TP LinuxNoEditorTargetPlatform
[2016.04.29-00.07.32:267][  0]LogTemp:Display: Loaded TP LinuxServerTargetPlatform
[2016.04.29-00.07.32:279][  0]LogTemp:Display: Loaded TP LinuxTargetPlatform
[2016.04.29-00.07.32:279][  0]LogTargetPlatformManager:Display: Building Assets For Windows
[2016.04.29-00.07.32:450][  0]LogDerivedDataCache:Display: Max Cache Size: 512 MB
[2016.04.29-00.07.32:499][  0]LogDerivedDataCache: Loaded boot cache 0.05s 41MB C:/Users/dbrey/AppData/Local/UnrealEngine/4.10/DerivedDataCache/Boot.ddc.
[2016.04.29-00.07.32:499][  0]LogDerivedDataCache:Display: Loaded Boot cache: C:/Users/dbrey/AppData/Local/UnrealEngine/4.10/DerivedDataCache/Boot.ddc
[2016.04.29-00.07.32:499][  0]LogDerivedDataCache: FDerivedDataBackendGraph:  Pak pak cache file D:/cut2/DerivedDataCache/DDC.ddp not found, will not use a pak cache.
[2016.04.29-00.07.32:499][  0]LogDerivedDataCache: Unable to find inner node Pak for hierarchical cache Hierarchy.
[2016.04.29-00.07.32:499][  0]LogDerivedDataCache: FDerivedDataBackendGraph:  CompressedPak pak cache file D:/cut2/DerivedDataCache/Compressed.ddp not found, will not use a pak cache.
[2016.04.29-00.07.32:500][  0]LogDerivedDataCache: Unable to find inner node CompressedPak for hierarchical cache Hierarchy.
[2016.04.29-00.07.32:564][  0]LogDerivedDataCache:Display: Pak cache opened for reading ../../../Engine/DerivedDataCache/Compressed.ddp.
[2016.04.29-00.07.32:577][  0]LogDerivedDataCache: Using Local data cache path C:/Users/dbrey/AppData/Local/UnrealEngine/Common/DerivedDataCache: Writable
[2016.04.29-00.07.33:012][  0]LogInit: Selected Device Profile: [Windows]
[2016.04.29-00.07.33:014][  0]LogContentStreaming: Texture pool size is 0.000000MB
[2016.04.29-00.07.33:183][  0]LogMeshUtilities: No automatic mesh reduction module available
[2016.04.29-00.07.33:183][  0]LogMeshUtilities: No automatic mesh merging module available
[2016.04.29-00.07.33:457][  0]LogInit: WinSock: version 1.1 (2.2), MaxSocks=32767, MaxUdp=65467
[2016.04.29-00.07.44:396][  0]UdpMessaging: Initializing bridge on interface 0.0.0.0:0 to multicast group 230.0.0.1:6666.
[2016.04.29-00.07.45:328][  0]LogAssetRegistry: FAssetRegistry took 0.0270 seconds to start up
[2016.04.29-00.07.45:888][  0]LogConfig:Warning: Failed to saved backup for config[InternationalizationExport]
[2016.04.29-00.07.50:229][  0]SourceControl: Info Source control is disabled
[2016.04.29-00.07.50:259][  0]SourceControl: Info Source control is disabled
[2016.04.29-00.07.50:531][  0]SourceControl: Info Source control is disabled
[2016.04.29-00.07.50:736][  0]SourceControl: Info Source control is disabled
[2016.04.29-00.07.55:131][  0]LogObj: 28633 objects as part of root set at end of initial load.
[2016.04.29-00.07.55:131][  0]LogUObjectAllocator: 6099752 out of 0 bytes used by permanent object pool.
[2016.04.29-00.07.57:302][  0]LogAutomationTest:Warning: Smoke tests took > 1s to run: 1.15s
[2016.04.29-00.07.57:546][  0]LogEngine: Initializing Engine...
[2016.04.29-00.07.57:606][  0]LogHMD: Can't find Oculus library dev build: is proper Runtime installed? Version: 0.8.0.0
[2016.04.29-00.07.57:713][  0]LogHMD: SteamVR failed to initialize.  Err: 110
[2016.04.29-00.07.58:259][  0]LogAIModule: Creating AISystem for world NewWorld
[2016.04.29-00.07.58:401][  0]LogInit: XAudio2 using 'Speakers (Realtek High Definition Audio)' : 2 channels at 48 kHz using 32 bits per sample (channel mask 0x3)
[2016.04.29-00.07.58:511][  0]LogInit: FAudioDevice initialized.
[2016.04.29-00.07.58:516][  0]LogDerivedDataCache:Error: Could not save memory cache C:/Users/dbrey/AppData/Local/UnrealEngine/4.10/DerivedDataCache/Boot.ddc.
[2016.04.29-00.07.58:523][  0]LogInit: Texture streaming: Enabled
[2016.04.29-00.07.58:587][  0]LogAnalytics: Creating configured Analytics provider AnalyticsET
[2016.04.29-00.07.58:587][  0]LogAnalytics: [UEEditor.Rocket.Release] APIServer = http://et2.epicgames.com/ET2/. AppVersion = 4.10.4-2872498+++depot+UE4-Releases+4.10
[2016.04.29-00.07.58:587][  0]LogAnalytics: [UEEditor.Rocket.Release] SetUserId 940efe6f4502657c8317eeb4d70fcfd5||07559f3f-587f-447c-aa1e-0e060f5efdd1
[2016.04.29-00.07.58:614][  0]LogAnalytics: [UEEditor.Rocket.Release] AnalyticsET::StartSession
[2016.04.29-00.07.59:320][  0]LogInit: Transaction tracking system initialized
[2016.04.29-00.08.05:226][  0]BlueprintLog: New page: Editor Load
[2016.04.29-00.08.11:886][  0]LocalizationService: Info Localization service is disabled
[2016.04.29-00.08.13:940][  0]LogConsoleResponse:Display: 
[2016.04.29-00.08.17:350][  0]LogFileCache: Scanning file cache for directory 'D:/cut2/Content/' took 0.02s
[2016.04.29-00.08.17:350][  0]LogCook:Display: Done creating registry. It took  0.00s.
[2016.04.29-00.08.21:723][  0]SourceControl: Info Source control is disabled
[2016.04.29-00.08.21:761][  0]Cmd: MAP LOAD FILE="D:/cut2/Content/TwinStickBP/Maps/Level1.umap" TEMPLATE=0 SHOWPROGRESS=1 FEATURELEVEL=3
[2016.04.29-00.08.21:773][  0]LightingResults: New page: Lighting Build
[2016.04.29-00.08.22:128][  0]MapCheck: New page: Map Check
[2016.04.29-00.08.22:128][  0]LightingResults: New page: Lighting Build
[2016.04.29-00.08.22:609][  0]LogParticles: Destroying 0 GPU particle simulations for FXSystem 0x0000000DE7A0B6A0
[2016.04.29-00.08.27:488][  0]LogDerivedDataCache: FFileSystemDerivedDataBackend: Move collision, attempt at redundant update, OK C:/Users/dbrey/AppData/Local/UnrealEngine/Common/DerivedDataCache/4/1/6/PHYSX_1D9C17C451EA4FB88CB7A27536A65DB0_PHYSXPC_AE09C26A4B382511C34BFCA9BF695AE0__1_0_13123_0.udd.
[2016.04.29-00.08.27:489][  0]LogTexture:Display: Building textures: HQ_Lightmap0_1 (AutoDXT)
[2016.04.29-00.08.27:717][  0]LogTexture:Display: Building textures: HQ_Lightmap0_2 (AutoDXT)
[2016.04.29-00.08.27:791][  0]LogTexture:Display: Building textures: HQ_Lightmap0_3 (AutoDXT)
[2016.04.29-00.08.27:900][  0]LogDerivedDataCache: FFileSystemDerivedDataBackend: Move collision, attempt at redundant update, OK C:/Users/dbrey/AppData/Local/UnrealEngine/Common/DerivedDataCache/8/5/8/TEXTURE_814DCC3DC72143F49509781513CB9855_AUTODXT_C693D73F464AD117F3995789AD518__343A3533CBAE0F7C947BE69EB7F1946E496F1D41.udd.
[2016.04.29-00.08.27:906][  0]LogTexture:Display: Building textures: HQ_Lightmap0_4 (AutoDXT)
[2016.04.29-00.08.28:080][  0]LogTexture:Display: Building textures: HQ_Lightmap0_5 (AutoDXT)
[2016.04.29-00.08.28:138][  0]LogTexture:Display: Building textures: HQ_Lightmap0_6 (AutoDXT)
[2016.04.29-00.08.28:221][  0]LogTexture:Display: Building textures: HQ_Lightmap0_8 (AutoDXT)
[2016.04.29-00.08.28:225][  0]LogTexture:Display: Building textures: HQ_Lightmap1_7 (AutoDXT)
[2016.04.29-00.08.28:299][  0]LogTexture:Display: Building textures: LQ_Lightmap_0_1 (DXT1)
[2016.04.29-00.08.28:422][  0]LogTexture:Display: Building textures: LQ_Lightmap_0_2 (DXT1)
[2016.04.29-00.08.28:454][  0]LogTexture:Display: Building textures: LQ_Lightmap_0_3 (DXT1)
[2016.04.29-00.08.28:484][  0]LogTexture:Display: Building textures: LQ_Lightmap_0_4 (DXT1)
[2016.04.29-00.08.28:575][  0]LogTexture:Display: Building textures: LQ_Lightmap_0_5 (DXT1)
[2016.04.29-00.08.28:597][  0]LogTexture:Display: Building textures: LQ_Lightmap_0_6 (DXT1)
[2016.04.29-00.08.28:625][  0]LogTexture:Display: Building textures: LQ_Lightmap_0_8 (DXT1)
[2016.04.29-00.08.28:637][  0]LogTexture:Display: Building textures: LQ_Lightmap_1_7 (DXT1)
[2016.04.29-00.08.28:682][  0]LogTexture:Display: Building textures: SkyOcclusion0_1 (AutoDXT)
[2016.04.29-00.08.28:794][  0]LogTexture:Display: Building textures: SkyOcclusion0_2 (AutoDXT)
[2016.04.29-00.08.28:820][  0]LogTexture:Display: Building textures: SkyOcclusion0_3 (AutoDXT)
[2016.04.29-00.08.28:856][  0]LogTexture:Display: Building textures: SkyOcclusion0_4 (AutoDXT)
[2016.04.29-00.08.28:943][  0]LogTexture:Display: Building textures: SkyOcclusion0_5 (AutoDXT)
[2016.04.29-00.08.28:976][  0]LogTexture:Display: Building textures: SkyOcclusion0_6 (AutoDXT)
[2016.04.29-00.08.29:031][  0]LogTexture:Display: Building textures: SkyOcclusion0_8 (AutoDXT)
[2016.04.29-00.08.29:035][  0]LogTexture:Display: Building textures: SkyOcclusion1_7 (AutoDXT)
[2016.04.29-00.08.29:067][  0]LogTexture:Display: Building textures: ShadowMapTexture2D_10 (G8)
[2016.04.29-00.08.29:073][  0]LogTexture:Display: Building textures: ShadowMapTexture2D_11 (G8)
[2016.04.29-00.08.29:096][  0]LogTexture:Display: Building textures: ShadowMapTexture2D_12 (G8)
[2016.04.29-00.08.29:104][  0]LogTexture:Display: Building textures: ShadowMapTexture2D_13 (G8)
[2016.04.29-00.08.29:110][  0]LogTexture:Display: Building textures: ShadowMapTexture2D_14 (G8)
[2016.04.29-00.08.29:114][  0]LogTexture:Display: Building textures: ShadowMapTexture2D_15 (G8)
[2016.04.29-00.08.29:116][  0]LogTexture:Display: Building textures: ShadowMapTexture2D_8 (G8)
[2016.04.29-00.08.29:136][  0]LogTexture:Display: Building textures: ShadowMapTexture2D_9 (G8)
[2016.04.29-00.08.29:171][  0]LogAIModule: Creating AISystem for world Level1
[2016.04.29-00.08.29:701][  0]LogEditorServer: Finished looking for orphan Actors (0.000 secs)
[2016.04.29-00.08.29:773][  0]Cmd: MAP CHECKDEP NOCLEARLOG
[2016.04.29-00.08.29:915][  0]MapCheck: Info Map check complete: 0 Error(s), 0 Warning(s), took 141.775ms to complete.
[2016.04.29-00.08.29:915][  0]LogFileHelpers: Loading map 'Level1' took 8.165
[2016.04.29-00.08.31:330][  0]LogCollectionManager: Loaded 0 collections in 0.006150 seconds
[2016.04.29-00.08.31:507][  0]LogFileCache: Scanning file cache for directory 'D:/cut2/Saved/Collections/' took 0.01s
[2016.04.29-00.08.31:507][  0]LogFileCache: Scanning file cache for directory 'D:/cut2/Content/Developers/dbrey/Collections/' took 0.01s
[2016.04.29-00.08.31:507][  0]LogFileCache: Scanning file cache for directory 'D:/cut2/Content/Collections/' took 0.01s
[2016.04.29-00.08.31:507][  0]LogCollectionManager: Rebuilt the GUID cache for 0 collections in 0.000004 seconds
[2016.04.29-00.08.31:528][  0]LogContentBrowser: Native class hierarchy populated in 0.0206 seconds. Added 1893 classes and 338 folders.
[2016.04.29-00.08.31:635][  0]LogContentBrowser: Native class hierarchy updated for 'WidgetCarousel' in 0.0008 seconds. Added 0 classes and 0 folders.
[2016.04.29-00.08.32:440][  0]LogContentBrowser: Native class hierarchy updated for 'AddContentDialog' in 0.0006 seconds. Added 0 classes and 0 folders.
[2016.04.29-00.08.32:593][  0]LogContentBrowser: Native class hierarchy updated for 'SceneOutliner' in 0.0005 seconds. Added 1 classes and 2 folders.
[2016.04.29-00.08.32:947][  0]LogCrashTracker: Crashtracker disabled due to settings.
[2016.04.29-00.08.33:061][  0]LogUObjectGlobals:Warning: Failed to find object 'Class None.'
[2016.04.29-00.08.33:177][  0]LogLoad: Full Startup: 64.03 seconds (BP compile: 0.77 seconds)
[2016.04.29-00.08.33:279][  0]LogOcInput: Can't find Oculus library dev build: is proper Runtime installed? Version: 0.8.0.0
[2016.04.29-00.08.33:674][  0]LogContentStreaming: Texture pool size now 1000 MB
[2016.04.29-00.08.34:056][  0]LogRenderer: Reallocating scene render targets to support 1056x552 (Frame:2).
[2016.04.29-00.08.35:133][  2]LogCollectionManager: Rebuilt the object cache for 0 collections in 0.000001 seconds (found 0 objects)
[2016.04.29-00.08.35:507][  9]LogAssetRegistry: Asset discovery search completed in 50.1987 seconds
[2016.04.29-00.08.35:507][  9]LogCollectionManager: Fixed up redirectors for 0 collections in 0.000012 seconds (updated 0 objects)
[2016.04.29-00.08.37:523][232]LogAIModule: Creating AISystem for world StartGame
[2016.04.29-00.08.37:535][232]LogActorComponent: UnregisterComponent: (/Engine/Transient.FloatingPawnMovement_GEN_VARIABLE) Not registered. Aborting.
[2016.04.29-00.08.37:535][232]LogActorComponent: UnregisterComponent: (/Engine/Transient.PawnSensing_GEN_VARIABLE) Not registered. Aborting.
[2016.04.29-00.08.37:638][232]Cmd: MAP LOAD FILE="D:/cut2/Content/TwinStickBP/Maps/StartGame.umap" TEMPLATE=0 SHOWPROGRESS=1 FEATURELEVEL=3
[2016.04.29-00.08.37:638][232]LightingResults: New page: Lighting Build
[2016.04.29-00.08.37:671][232]LoadErrors: New page: Loading map: StartGame.umap
[2016.04.29-00.08.37:726][232]MapCheck: New page: Map Check
[2016.04.29-00.08.37:726][232]LightingResults: New page: Lighting Build
[2016.04.29-00.08.37:752][232]LogParticles: Destroying 0 GPU particle simulations for FXSystem 0x0000000DF09274C0
[2016.04.29-00.08.37:797][232]LogEditorServer: Finished looking for orphan Actors (0.000 secs)
[2016.04.29-00.08.37:892][232]Cmd: MAP CHECKDEP NOCLEARLOG
[2016.04.29-00.08.37:975][232]MapCheck: Info Map check complete: 0 Error(s), 0 Warning(s), took 82.493ms to complete.
[2016.04.29-00.08.37:976][232]LogFileHelpers: Loading map 'StartGame' took 0.349
[2016.04.29-00.08.40:201][481]LogStreaming:Warning: Failed to open ANSI TEXT file D:/cut2/Saved/HardwareSurvey/dxdiag.txt
[2016.04.29-00.08.40:211][482]LogStreaming:Warning: Failed to open ANSI TEXT file D:/cut2/Saved/HardwareSurvey/dxdiag.txt
[2016.04.29-00.08.40:230][483]LogStreaming:Warning: Failed to open ANSI TEXT file D:/cut2/Saved/HardwareSurvey/dxdiag.txt
[2016.04.29-00.08.40:241][484]LogStreaming:Warning: Failed to open ANSI TEXT file D:/cut2/Saved/HardwareSurvey/dxdiag.txt
[2016.04.29-00.08.40:253][485]LogStreaming:Warning: Failed to open ANSI TEXT file D:/cut2/Saved/HardwareSurvey/dxdiag.txt
[2016.04.29-00.08.40:552][486]LogSynthBenchmark:Display: FSynthBenchmark (V0.95):  requested WorkScale=1.00
[2016.04.29-00.08.40:552][486]LogSynthBenchmark:Display: ===============
[2016.04.29-00.08.40:552][486]LogSynthBenchmark:Display: Main Processor:
[2016.04.29-00.08.40:611][486]LogSynthBenchmark:Display:          ... 0.032787 s/Run 'RayIntersect'
[2016.04.29-00.08.40:611][486]LogSynthBenchmark:Display:          ... 0.026652 s/Run 'Fractal'
[2016.04.29-00.08.40:611][486]LogSynthBenchmark:Display: 
[2016.04.29-00.08.40:611][486]LogSynthBenchmark:Display:   CompiledTarget_x_Bits: 64
[2016.04.29-00.08.40:611][486]LogSynthBenchmark:Display:   UE_BUILD_SHIPPING: 0
[2016.04.29-00.08.40:611][486]LogSynthBenchmark:Display:   UE_BUILD_TEST: 0
[2016.04.29-00.08.40:611][486]LogSynthBenchmark:Display:   UE_BUILD_DEBUG: 0
[2016.04.29-00.08.40:613][486]LogSynthBenchmark:Display:   TotalPhysicalGBRam: 8
[2016.04.29-00.08.40:613][486]LogSynthBenchmark:Display:   NumberOfCores (physical): 4
[2016.04.29-00.08.40:613][486]LogSynthBenchmark:Display:   NumberOfCores (logical): 4
[2016.04.29-00.08.40:613][486]LogSynthBenchmark:Display:   CPU Perf Index 0: 78.1
[2016.04.29-00.08.40:613][486]LogSynthBenchmark:Display:   CPU Perf Index 1: 107.3
[2016.04.29-00.08.40:613][486]LogSynthBenchmark:Display:  
[2016.04.29-00.08.40:613][486]LogSynthBenchmark:Display: Graphics:
[2016.04.29-00.08.40:613][486]LogSynthBenchmark:Display:   Adapter Name: 'NVIDIA Quadro 2000'
[2016.04.29-00.08.40:613][486]LogSynthBenchmark:Display:   (On Optimus the name might be wrong, memory should be ok)
[2016.04.29-00.08.40:613][486]LogSynthBenchmark:Display:   Vendor Id: 0x10de
[2016.04.29-00.08.40:613][486]LogSynthBenchmark:Display:   GPU Memory: 964/0/4075 MB
[2016.04.29-00.08.40:613][486]LogSynthBenchmark:Display:   CPUIndex: 78.1
[2016.04.29-00.08.40:613][486]LogSynthBenchmark:Display:   GPUIndex: -nan(ind)
[2016.04.29-00.08.40:613][486]LogSynthBenchmark:Display: 
[2016.04.29-00.08.40:613][486]LogSynthBenchmark:Display:          ... Total Time: 0.061756 sec
[2016.04.29-00.08.43:619][810]LogActorComponent: UnregisterComponent: (/Engine/Transient.FloatingPawnMovement_GEN_VARIABLE) Not registered. Aborting.
[2016.04.29-00.08.43:619][810]LogActorComponent: UnregisterComponent: (/Engine/Transient.PawnSensing_GEN_VARIABLE) Not registered. Aborting.
[2016.04.29-00.08.43:682][810]Cmd: OBJ SAVEPACKAGE PACKAGE="/Game/TwinStickBP/Maps/StartGame" FILE="D:/cut2/Saved/Autosaves/Game/TwinStickBP/Maps/UEDPCStartGame.umap" SILENT=true AUTOSAVING=true KEEPDIRTY=true
[2016.04.29-00.08.45:468][810]LogSavePackage: Save=1675.811035ms
[2016.04.29-00.08.45:468][810]LogSavePackage: Moving 'D:/cut2/Saved/UEDPCStartGame801F296E4681EDAF8F077999C3F9148B.tmp' to 'D:/cut2/Saved/Autosaves/Game/TwinStickBP/Maps/UEDPCStartGame.umap'
[2016.04.29-00.08.45:488][810]LogSavePackage: Total save time: 1787.225321ms
[2016.04.29-00.08.45:488][810]LogSavePackage:Display: Finished SavePackage D:/cut2/Saved/Autosaves/Game/TwinStickBP/Maps/UEDPCStartGame.umap
[2016.04.29-00.13.20:739][105]Cmd: OBJ SAVEPACKAGE PACKAGE="/Game/TwinStickBP/Maps/StartGame" FILE="D:/cut2/Content/TwinStickBP/Maps/StartGame.umap" SILENT=true AUTOSAVING=false KEEPDIRTY=false
[2016.04.29-00.13.21:530][105]LogSavePackage: Save=711.545837ms
[2016.04.29-00.13.21:530][105]LogSavePackage: Moving 'D:/cut2/Saved/StartGame0D22C937414A905319D2DA94E3A40CC7.tmp' to 'D:/cut2/Content/TwinStickBP/Maps/StartGame.umap'
[2016.04.29-00.13.21:572][105]LogSavePackage: Total save time: 771.782782ms
[2016.04.29-00.13.21:572][105]LogSavePackage:Display: Finished SavePackage D:/cut2/Content/TwinStickBP/Maps/StartGame.umap
[2016.04.29-00.13.21:709][105]LogFileHelpers: Saving map 'StartGame' took 1.049
[2016.04.29-00.13.21:977][105]LogWindowsTextInputMethodSystem:Display: IME system now deactivated.
[2016.04.29-00.13.22:355][106]Cmd: QUIT_EDITOR
[2016.04.29-00.13.22:912][106]LogExit: Preparing to exit.
[2016.04.29-00.13.23:729][106]LogExit: Editor shut down
[2016.04.29-00.13.23:730][106]LogExit: Transaction tracking system shut down
[2016.04.29-00.13.23:731][106]LogParticles: Destroying 0 GPU particle simulations for FXSystem 0x0000000DF3E734C0
[2016.04.29-00.13.23:733][106]LogParticles: Destroying 0 GPU particle simulations for FXSystem 0x0000000DDFC742C0
[2016.04.29-00.13.23:733][106]LogParticles: Destroying 0 GPU particle simulations for FXSystem 0x0000000D8B977EC0
[2016.04.29-00.13.23:733][106]LogParticles: Destroying 0 GPU particle simulations for FXSystem 0x0000000DF209E5C0
[2016.04.29-00.13.23:925][106]LogExit: Object subsystem successfully closed.
[2016.04.29-00.13.23:948][106]LogD3D11RHI: Shutdown
[2016.04.29-00.13.23:948][106]LogD3D11RHI: CleanupD3DDevice
[2016.04.29-00.13.24:013][106]LogD3D11RHI: ~FD3D11DynamicRHI
[2016.04.29-00.13.24:197][106]LogModuleManager: Shutting down and abandoning module CookingStats (200)
[2016.04.29-00.13.24:202][106]LogModuleManager: Shutting down and abandoning module SynthBenchmark (199)
[2016.04.29-00.13.24:202][106]LogModuleManager: Shutting down and abandoning module CrashTracker (198)
[2016.04.29-00.13.24:202][106]LogModuleManager: Shutting down and abandoning module SceneOutliner (197)
[2016.04.29-00.13.24:202][106]LogModuleManager: Shutting down and abandoning module SuperSearch (196)
[2016.04.29-00.13.24:202][106]LogModuleManager: Shutting down and abandoning module WidgetCarousel (195)
[2016.04.29-00.13.24:202][106]LogModuleManager: Shutting down and abandoning module AddContentDialog (194)
[2016.04.29-00.13.24:206][106]LogModuleManager: Shutting down and abandoning module EditorWidgets (193)
[2016.04.29-00.13.24:206][106]LogModuleManager: Shutting down and abandoning module CollectionManager (192)
[2016.04.29-00.13.24:206][106]LogModuleManager: Shutting down and abandoning module StatsViewer (191)
[2016.04.29-00.13.24:206][106]LogModuleManager: Shutting down and abandoning module FoliageEdit (190)
[2016.04.29-00.13.24:206][106]LogModuleManager: Shutting down and abandoning module LandscapeEditor (189)
[2016.04.29-00.13.24:228][106]LogModuleManager: Shutting down and abandoning module ActorPickerMode (188)
[2016.04.29-00.13.24:228][106]LogModuleManager: Shutting down and abandoning module GeometryMode (187)
[2016.04.29-00.13.24:228][106]LogModuleManager: Shutting down and abandoning module TextureAlignMode (186)
[2016.04.29-00.13.24:228][106]LogModuleManager: Shutting down and abandoning module BspMode (185)
[2016.04.29-00.13.24:228][106]LogModuleManager: Shutting down and abandoning module PlacementMode (184)
[2016.04.29-00.13.24:228][106]LogModuleManager: Shutting down and abandoning module AutomationWorker (183)
[2016.04.29-00.13.24:228][106]LogModuleManager: Shutting down and abandoning module CharacterAI (182)
[2016.04.29-00.13.24:228][106]LogModuleManager: Shutting down and abandoning module SmartSnapping (181)
[2016.04.29-00.13.24:228][106]LogModuleManager: Shutting down and abandoning module ViewportSnapping (180)
[2016.04.29-00.13.24:228][106]LogModuleManager: Shutting down and abandoning module LogVisualizer (179)
[2016.04.29-00.13.24:228][106]LogModuleManager: Shutting down and abandoning module GameProjectGeneration (178)
[2016.04.29-00.13.24:246][106]LogModuleManager: Shutting down and abandoning module IntroTutorials (177)
[2016.04.29-00.13.24:246][106]LogModuleManager: Shutting down and abandoning module EditorLiveStreaming (176)
[2016.04.29-00.13.24:246][106]LogModuleManager: Shutting down and abandoning module IOSPlatformEditor (175)
[2016.04.29-00.13.24:246][106]LogModuleManager: Shutting down and abandoning module HTML5PlatformEditor (174)
[2016.04.29-00.13.24:246][106]LogModuleManager: Shutting down and abandoning module AndroidDeviceDetection (173)
[2016.04.29-00.13.24:508][106]LogModuleManager: Shutting down and abandoning module AndroidPlatformEditor (172)
[2016.04.29-00.13.24:508][106]LogModuleManager: Shutting down and abandoning module IOSRuntimeSettings (171)
[2016.04.29-00.13.24:508][106]LogModuleManager: Shutting down and abandoning module AndroidRuntimeSettings (170)
[2016.04.29-00.13.24:508][106]LogModuleManager: Shutting down and abandoning module MergeActors (169)
[2016.04.29-00.13.24:508][106]LogModuleManager: Shutting down and abandoning module SizeMap (168)
[2016.04.29-00.13.24:508][106]LogModuleManager: Shutting down and abandoning module TreeMap (167)
[2016.04.29-00.13.24:508][106]LogModuleManager: Shutting down and abandoning module ReferenceViewer (166)
[2016.04.29-00.13.24:508][106]LogModuleManager: Shutting down and abandoning module LocalizationService (165)
[2016.04.29-00.13.24:508][106]LogModuleManager: Shutting down and abandoning module LocalizationDashboard (164)
[2016.04.29-00.13.24:520][106]LogModuleManager: Shutting down and abandoning module HardwareTargeting (163)
[2016.04.29-00.13.24:520][106]LogModuleManager: Shutting down and abandoning module DeviceProfileEditor (162)
[2016.04.29-00.13.24:520][106]LogModuleManager: Shutting down and abandoning module UndoHistory (161)
[2016.04.29-00.13.24:522][106]LogModuleManager: Shutting down and abandoning module GameplayTagsEditor (160)
[2016.04.29-00.13.24:547][106]LogModuleManager: Shutting down and abandoning module UserFeedback (159)
[2016.04.29-00.13.24:547][106]LogModuleManager: Shutting down and abandoning module XmlParser (158)
[2016.04.29-00.13.24:547][106]LogModuleManager: Shutting down and abandoning module Blutility (157)
[2016.04.29-00.13.24:547][106]LogModuleManager: Shutting down and abandoning module ProjectTargetPlatformEditor (156)
[2016.04.29-00.13.24:547][106]LogModuleManager: Shutting down and abandoning module ProjectSettingsViewer (155)
[2016.04.29-00.13.24:547][106]LogModuleManager: Shutting down and abandoning module InputBindingEditor (154)
[2016.04.29-00.13.24:558][106]LogModuleManager: Shutting down and abandoning module EditorSettingsViewer (153)
[2016.04.29-00.13.24:558][106]LogModuleManager: Shutting down and abandoning module SettingsEditor (152)
[2016.04.29-00.13.24:558][106]LogModuleManager: Shutting down and abandoning module ProjectLauncher (151)
[2016.04.29-00.13.24:571][106]LogModuleManager: Shutting down and abandoning module SessionFrontend (150)
[2016.04.29-00.13.24:571][106]LogModuleManager: Shutting down and abandoning module ProfilerClient (149)
[2016.04.29-00.13.24:571][106]LogModuleManager: Shutting down and abandoning module TargetDeviceServices (148)
[2016.04.29-00.13.24:571][106]LogModuleManager: Shutting down and abandoning module DeviceManager (147)
[2016.04.29-00.13.24:571][106]LogModuleManager: Shutting down and abandoning module AutomationController (146)
[2016.04.29-00.13.24:571][106]LogModuleManager: Shutting down and abandoning module AutomationWindow (145)
[2016.04.29-00.13.24:588][106]LogModuleManager: Shutting down and abandoning module Layers (144)
[2016.04.29-00.13.24:608][106]LogModuleManager: Shutting down and abandoning module ComponentVisualizers (143)
[2016.04.29-00.13.24:608][106]LogModuleManager: Shutting down and abandoning module DetailCustomizations (142)
[2016.04.29-00.13.24:726][106]LogModuleManager: Shutting down and abandoning module PackagesDialog (141)
[2016.04.29-00.13.24:726][106]LogModuleManager: Shutting down and abandoning module Persona (140)
[2016.04.29-00.13.24:795][106]LogModuleManager: Shutting down and abandoning module Kismet (139)
[2016.04.29-00.13.24:795][106]LogModuleManager: Shutting down and abandoning module GraphEditor (138)
[2016.04.29-00.13.24:948][106]LogModuleManager: Shutting down and abandoning module ClassViewer (137)
[2016.04.29-00.13.24:948][106]LogModuleManager: Shutting down and abandoning module Toolbox (136)
[2016.04.29-00.13.24:948][106]LogModuleManager: Shutting down and abandoning module ModuleUI (135)
[2016.04.29-00.13.24:948][106]LogModuleManager: Shutting down and abandoning module MovieSceneTools (134)
[2016.04.29-00.13.24:948][106]LogModuleManager: Shutting down and abandoning module OutputLog (133)
[2016.04.29-00.13.24:948][106]LogModuleManager: Shutting down and abandoning module GammaUI (132)
[2016.04.29-00.13.24:948][106]LogModuleManager: Shutting down and abandoning module Documentation (131)
[2016.04.29-00.13.24:948][106]LogModuleManager: Shutting down and abandoning module GameLiveStreaming (130)
[2016.04.29-00.13.24:948][106]LogModuleManager: Shutting down and abandoning module StreamingPauseRendering (129)
[2016.04.29-00.13.24:948][106]LogModuleManager: Shutting down and abandoning module AnalyticsET (128)
[2016.04.29-00.13.24:948][106]LogModuleManager: Shutting down and abandoning module Analytics (127)
[2016.04.29-00.13.24:948][106]LogModuleManager: Shutting down and abandoning module AITestSuite (126)
[2016.04.29-00.13.24:948][106]LogModuleManager: Shutting down and abandoning module GameplayDebugger (125)
[2016.04.29-00.13.24:948][106]LogModuleManager: Shutting down and abandoning module AIModule (124)
[2016.04.29-00.13.24:948][106]LogModuleManager: Shutting down and abandoning module ProfilerService (123)
[2016.04.29-00.13.25:183][106]LogModuleManager: Shutting down and abandoning module TaskGraph (122)
[2016.04.29-00.13.25:183][106]LogModuleManager: Shutting down and abandoning module SlateRemote (121)
[2016.04.29-00.13.25:183][106]LogModuleManager: Shutting down and abandoning module SteamVRController (120)
[2016.04.29-00.13.25:183][106]LogModuleManager: Shutting down and abandoning module SteamVR (119)
[2016.04.29-00.13.25:183][106]LogModuleManager: Shutting down and abandoning module ProceduralMeshComponent (118)
[2016.04.29-00.13.25:183][106]LogModuleManager: Shutting down and abandoning module OculusLibrary (117)
[2016.04.29-00.13.25:183][106]LogModuleManager: Shutting down and abandoning module OculusInput (116)
[2016.04.29-00.13.25:183][106]LogModuleManager: Shutting down and abandoning module LeapMotionController (115)
[2016.04.29-00.13.25:220][106]LogModuleManager: Shutting down and abandoning module CustomMeshComponent (114)
[2016.04.29-00.13.25:220][106]LogModuleManager: Shutting down and abandoning module CableComponent (113)
[2016.04.29-00.13.25:220][106]LogModuleManager: Shutting down and abandoning module ArchVisCharacter (112)
[2016.04.29-00.13.25:220][106]LogModuleManager: Shutting down and abandoning module MessagingDebugger (111)
[2016.04.29-00.13.25:311][106]LogModuleManager: Shutting down and abandoning module MediaPlayerEditor (110)
[2016.04.29-00.13.25:349][106]LogModuleManager: Shutting down and abandoning module HTML5Networking (109)
[2016.04.29-00.13.25:349][106]LogModuleManager: Shutting down and abandoning module SpeedTreeImporter (108)
[2016.04.29-00.13.25:349][106]LogModuleManager: Shutting down and abandoning module PluginBrowser (107)
[2016.04.29-00.13.25:379][106]LogModuleManager: Shutting down and abandoning module EpicSurvey (106)
[2016.04.29-00.13.25:379][106]LogModuleManager: Shutting down and abandoning module DesktopPlatform (105)
[2016.04.29-00.13.25:379][106]LogModuleManager: Shutting down and abandoning module VisualStudioSourceCodeAccess (104)
[2016.04.29-00.13.25:379][106]LogModuleManager: Shutting down and abandoning module UObjectPlugin (103)
[2016.04.29-00.13.25:379][106]LogModuleManager: Shutting down and abandoning module SubversionSourceControl (102)
[2016.04.29-00.13.25:379][106]LogModuleManager: Shutting down and abandoning module PerforceSourceControl (101)
[2016.04.29-00.13.25:379][106]LogModuleManager: Shutting down and abandoning module SourceControl (100)
[2016.04.29-00.13.25:379][106]LogModuleManager: Shutting down and abandoning module GitSourceControl (99)
[2016.04.29-00.13.25:379][106]LogModuleManager: Shutting down and abandoning module LightPropagationVolumeEditor (98)
[2016.04.29-00.13.25:379][106]LogModuleManager: Shutting down and abandoning module PaperTiledImporter (97)
[2016.04.29-00.13.25:379][106]LogModuleManager: Shutting down and abandoning module PaperSpriteSheetImporter (96)
[2016.04.29-00.13.25:379][106]LogModuleManager: Shutting down and abandoning module MeshPaint (95)
[2016.04.29-00.13.25:379][106]LogModuleManager: Shutting down and abandoning module SlateReflector (94)
[2016.04.29-00.13.25:426][106]LogModuleManager: Shutting down and abandoning module HotReload (93)
[2016.04.29-00.13.25:427][106]LogModuleManager: Shutting down and abandoning module MainFrame (92)
[2016.04.29-00.13.25:427][106]LogModuleManager: Shutting down and abandoning module LevelEditor (91)
[2016.04.29-00.13.25:445][106]LogModuleManager: Shutting down and abandoning module DirectoryWatcher (90)
[2016.04.29-00.13.25:449][106]LogModuleManager: Shutting down and abandoning module AssetRegistry (89)
[2016.04.29-00.13.27:895][106]LogModuleManager: Shutting down and abandoning module ContentBrowser (88)
[2016.04.29-00.13.27:896][106]LogModuleManager: Shutting down and abandoning module Paper2DEditor (87)
[2016.04.29-00.13.27:909][106]LogModuleManager: Shutting down and abandoning module UdpMessaging (86)
[2016.04.29-00.13.28:009][106]LogModuleManager: Shutting down and abandoning module LightPropagationVolumeRuntime (85)
[2016.04.29-00.13.28:065][106]LogModuleManager: Shutting down and abandoning module Paper2D (84)
[2016.04.29-00.13.28:066][106]LogModuleManager: Shutting down and abandoning module WindowsMoviePlayer (83)
[2016.04.29-00.13.28:072][106]LogModuleManager: Shutting down and abandoning module Media (82)
[2016.04.29-00.13.28:072][106]LogModuleManager: Shutting down and abandoning module WmfMedia (81)
[2016.04.29-00.13.28:072][106]LogModuleManager: Shutting down and abandoning module OnlineBlueprintSupport (80)
[2016.04.29-00.13.28:072][106]LogModuleManager: Shutting down and abandoning module GameplayTasksEditor (79)
[2016.04.29-00.13.28:072][106]LogModuleManager: Shutting down and abandoning module PropertyEditor (78)
[2016.04.29-00.13.28:072][106]LogModuleManager: Shutting down and abandoning module BehaviorTreeEditor (77)
[2016.04.29-00.13.28:073][106]LogModuleManager: Shutting down and abandoning module FunctionalTesting (76)
[2016.04.29-00.13.28:073][106]LogModuleManager: Shutting down and abandoning module CollisionAnalyzer (75)
[2016.04.29-00.13.28:073][106]LogModuleManager: Shutting down and abandoning module WorkspaceMenuStructure (74)
[2016.04.29-00.13.28:073][106]LogModuleManager: Shutting down and abandoning module MessageLog (73)
[2016.04.29-00.13.28:073][106]LogModuleManager: Shutting down and abandoning module Sequencer (72)
[2016.04.29-00.13.28:089][106]LogModuleManager: Shutting down and abandoning module AssetTools (71)
[2016.04.29-00.13.28:089][106]LogModuleManager: Shutting down and abandoning module UMGEditor (70)
[2016.04.29-00.13.28:089][106]LogModuleManager: Shutting down and abandoning module UMG (69)
[2016.04.29-00.13.28:090][106]LogModuleManager: Shutting down and abandoning module Slate (68)
[2016.04.29-00.13.28:090][106]LogModuleManager: Shutting down and abandoning module EditorStyle (67)
[2016.04.29-00.13.28:096][106]LogModuleManager: Shutting down and abandoning module SessionServices (66)
[2016.04.29-00.13.28:096][106]LogModuleManager: Shutting down and abandoning module SourceCodeAccess (65)
[2016.04.29-00.13.28:096][106]LogModuleManager: Shutting down and abandoning module HeadMountedDisplay (64)
[2016.04.29-00.13.28:096][106]LogModuleManager: Shutting down and abandoning module XAudio2 (63)
[2016.04.29-00.13.28:096][106]LogModuleManager: Shutting down and abandoning module Networking (61)
[2016.04.29-00.13.28:096][106]LogModuleManager: Shutting down and abandoning module Core (60)
[2016.04.29-00.13.28:096][106]LogModuleManager: Shutting down and abandoning module KismetCompiler (59)
[2016.04.29-00.13.28:096][106]LogModuleManager: Shutting down and abandoning module PhysXFormats (58)
[2016.04.29-00.13.28:096][106]LogModuleManager: Shutting down and abandoning module MeshUtilities (57)
[2016.04.29-00.13.28:096][106]LogModuleManager: Shutting down and abandoning module DerivedDataCache (56)
[2016.04.29-00.13.28:114][106]LogDerivedDataCache: Shutdown
[2016.04.29-00.13.28:114][106]LogModuleManager: Shutting down and abandoning module ShaderFormatOpenGL (55)
[2016.04.29-00.13.28:114][106]LogModuleManager: Shutting down and abandoning module ShaderFormatD3D (54)
[2016.04.29-00.13.28:114][106]LogModuleManager: Shutting down and abandoning module MetalShaderFormat (53)
[2016.04.29-00.13.28:114][106]LogModuleManager: Shutting down and abandoning module TextureFormatUncompressed (52)
[2016.04.29-00.13.28:114][106]LogModuleManager: Shutting down and abandoning module TextureFormatPVR (51)
[2016.04.29-00.13.28:114][106]LogModuleManager: Shutting down and abandoning module TextureFormatIntelISPCTexComp (50)
[2016.04.29-00.13.28:114][106]LogModuleManager: Shutting down and abandoning module TextureFormatDXT (49)
[2016.04.29-00.13.28:114][106]LogModuleManager: Shutting down and abandoning module ImageWrapper (48)
[2016.04.29-00.13.28:114][106]LogModuleManager: Shutting down and abandoning module TextureFormatASTC (47)
[2016.04.29-00.13.28:114][106]LogModuleManager: Shutting down and abandoning module TextureFormatAndroid (46)
[2016.04.29-00.13.28:114][106]LogModuleManager: Shutting down and abandoning module AudioFormatOpus (45)
[2016.04.29-00.13.28:153][106]LogModuleManager: Shutting down and abandoning module AudioFormatOgg (44)
[2016.04.29-00.13.28:153][106]LogModuleManager: Shutting down and abandoning module AudioFormatADPCM (43)
[2016.04.29-00.13.28:154][106]LogModuleManager: Shutting down and abandoning module LinuxTargetPlatform (42)
[2016.04.29-00.13.28:154][106]LogModuleManager: Shutting down and abandoning module LinuxServerTargetPlatform (41)
[2016.04.29-00.13.28:154][106]LogModuleManager: Shutting down and abandoning module LinuxNoEditorTargetPlatform (40)
[2016.04.29-00.13.28:154][106]LogModuleManager: Shutting down and abandoning module Messaging (39)
[2016.04.29-00.13.28:154][106]LogModuleManager: Shutting down and abandoning module IOSTargetPlatform (38)
[2016.04.29-00.13.28:154][106]LogModuleManager: Shutting down and abandoning module HTML5TargetPlatform (37)
[2016.04.29-00.13.28:154][106]LogModuleManager: Shutting down and abandoning module Android_PVRTCTargetPlatform (36)
[2016.04.29-00.13.28:154][106]LogModuleManager: Shutting down and abandoning module Android_MultiTargetPlatform (35)
[2016.04.29-00.13.28:154][106]LogModuleManager: Shutting down and abandoning module Android_ETC2TargetPlatform (34)
[2016.04.29-00.13.28:154][106]LogModuleManager: Shutting down and abandoning module Android_ETC1TargetPlatform (33)
[2016.04.29-00.13.28:154][106]LogModuleManager: Shutting down and abandoning module Android_DXTTargetPlatform (32)
[2016.04.29-00.13.28:154][106]LogModuleManager: Shutting down and abandoning module Android_ATCTargetPlatform (31)
[2016.04.29-00.13.28:154][106]LogModuleManager: Shutting down and abandoning module Android_ASTCTargetPlatform (30)
[2016.04.29-00.13.28:154][106]LogModuleManager: Shutting down and abandoning module AndroidTargetPlatform (29)
[2016.04.29-00.13.28:154][106]LogModuleManager: Shutting down and abandoning module WindowsTargetPlatform (28)
[2016.04.29-00.13.28:154][106]LogModuleManager: Shutting down and abandoning module WindowsServerTargetPlatform (27)
[2016.04.29-00.13.28:154][106]LogModuleManager: Shutting down and abandoning module WindowsNoEditorTargetPlatform (26)
[2016.04.29-00.13.28:154][106]LogModuleManager: Shutting down and abandoning module WindowsClientTargetPlatform (25)
[2016.04.29-00.13.28:154][106]LogModuleManager: Shutting down and abandoning module AllDesktopTargetPlatform (24)
[2016.04.29-00.13.28:154][106]LogModuleManager: Shutting down and abandoning module TargetPlatform (23)
[2016.04.29-00.13.28:154][106]LogModuleManager: Shutting down and abandoning module InputCore (22)
[2016.04.29-00.13.28:154][106]LogModuleManager: Shutting down and abandoning module Settings (21)
[2016.04.29-00.13.28:154][106]LogModuleManager: Shutting down and abandoning module OnlineSubsystem (19)
[2016.04.29-00.13.28:154][106]LogModuleManager: Shutting down and abandoning module HTTP (18)
[2016.04.29-00.13.30:159][106]LogModuleManager: Shutting down and abandoning module XMPP (17)
[2016.04.29-00.13.30:159][106]LogModuleManager: Shutting down and abandoning module OculusRift (16)
[2016.04.29-00.13.30:159][106]LogModuleManager: Shutting down and abandoning module ExampleDeviceProfileSelector (15)
[2016.04.29-00.13.30:159][106]LogModuleManager: Shutting down and abandoning module TextureCompressor (14)
[2016.04.29-00.13.30:159][106]LogModuleManager: Shutting down and abandoning module ShaderCore (13)
[2016.04.29-00.13.30:159][106]LogModuleManager: Shutting down and abandoning module Landscape (12)
[2016.04.29-00.13.30:159][106]LogModuleManager: Shutting down and abandoning module SlateRHIRenderer (11)
[2016.04.29-00.13.30:162][106]LogModuleManager: Shutting down and abandoning module OpenGLDrv (10)
[2016.04.29-00.13.30:162][106]LogModuleManager: Shutting down and abandoning module D3D11RHI (9)
[2016.04.29-00.13.30:162][106]LogModuleManager: Shutting down and abandoning module AnimGraphRuntime (8)
[2016.04.29-00.13.30:162][106]LogModuleManager: Shutting down and abandoning module Renderer (7)
[2016.04.29-00.13.30:171][106]LogModuleManager: Shutting down and abandoning module Engine (6)
[2016.04.29-00.13.30:171][106]LogModuleManager: Shutting down and abandoning module CoreUObject (5)
[2016.04.29-00.13.30:171][106]LogModuleManager: Shutting down and abandoning module NetworkFile (4)
[2016.04.29-00.13.30:171][106]LogModuleManager: Shutting down and abandoning module StreamingFile (3)
[2016.04.29-00.13.30:171][106]LogModuleManager: Shutting down and abandoning module SandboxFile (2)
[2016.04.29-00.13.30:171][106]LogModuleManager: Shutting down and abandoning module PakFile (1)
[2016.04.29-00.13.30:173][106]LogExit: Exiting.
[2016.04.29-00.13.30:243][106]Log file closed, 04/28/16 17:13:30
