[2016.04.29-00.08.45:934][  0]Log file open, 04/28/16 17:08:45
[2016.04.29-00.08.45:934][  0]LogInit:Display: Running engine for game: cut2
[2016.04.29-00.08.45:934][  0]LogPlatformFile: Not using cached read wrapper
[2016.04.29-00.08.45:934][  0]LogInit:Display: RandInit(-710963144) SRandInit(-710963142).
[2016.04.29-00.08.45:934][  0]LogTaskGraph: Started task graph with 4 named threads and 7 total threads.
[2016.04.29-00.08.45:934][  0]LogStats: Stats thread started at 0.087120
[2016.04.29-00.08.45:934][  0]LogInit: Version: 4.10.4-2872498+++depot+UE4-Releases+4.10
[2016.04.29-00.08.45:934][  0]LogInit: API Version: 2758231
[2016.04.29-00.08.45:934][  0]LogInit: Compiled (64-bit): Feb 18 2016 15:47:04
[2016.04.29-00.08.45:934][  0]LogInit: Compiled with Visual C++: 19.00.23026.00
[2016.04.29-00.08.45:934][  0]LogInit: Build Configuration: Development
[2016.04.29-00.08.45:934][  0]LogInit: Branch Name: ++depot+UE4-Releases+4.10
[2016.04.29-00.08.45:934][  0]LogInit: Command line:  /Temp/Autosaves/Game/TwinStickBP/Maps/UEDPCStartGame -game -PIEVIACONSOLE -ResX=1280 -ResY=720  -Multiprocess 
[2016.04.29-00.08.45:934][  0]LogInit: Base directory: C:/Program Files (x86)/Epic Games/4.10/Engine/Binaries/Win64/
[2016.04.29-00.08.45:934][  0]LogInit: Rocket: 1
[2016.04.29-00.08.45:955][  0]LogInit: Using libcurl 7.41.0
[2016.04.29-00.08.45:955][  0]LogInit:  - built for x86_64-pc-win32
[2016.04.29-00.08.45:955][  0]LogInit:  - supports SSL with WinSSL
[2016.04.29-00.08.45:955][  0]LogInit:  - other features:
[2016.04.29-00.08.45:955][  0]LogInit:      CURL_VERSION_SSL
[2016.04.29-00.08.45:955][  0]LogInit:      CURL_VERSION_IPV6
[2016.04.29-00.08.45:955][  0]LogInit:      CURL_VERSION_ASYNCHDNS
[2016.04.29-00.08.45:955][  0]LogInit:      CURL_VERSION_LARGEFILE
[2016.04.29-00.08.45:955][  0]LogInit:      CURL_VERSION_IDN
[2016.04.29-00.08.45:955][  0]LogInit:  CurlRequestOptions (configurable via config and command line):
[2016.04.29-00.08.45:955][  0]LogInit:  - bVerifyPeer = true  - Libcurl will verify peer certificate
[2016.04.29-00.08.45:955][  0]LogInit:  - bUseHttpProxy = false  - Libcurl will NOT use HTTP proxy
[2016.04.29-00.08.45:955][  0]LogInit:  - bDontReuseConnections = false  - Libcurl will reuse connections
[2016.04.29-00.08.45:955][  0]LogInit:  - CertBundlePath = nullptr  - Libcurl will use whatever was configured at build time.
[2016.04.29-00.08.45:964][  0]LogInit: Presizing for 0 objects not considered by GC, pre-allocating 0 bytes.
[2016.04.29-00.08.45:972][  0]LogInit: Object subsystem initialized
[2016.04.29-00.08.45:973][  0]LogInit: Selected Device Profile: [Windows]
[2016.04.29-00.08.45:973][  0]LogInit: Applying CVar settings loaded from the selected device profile: [Windows]
[2016.04.29-00.08.45:978][  0]LogInit: Computer: 144-04
[2016.04.29-00.08.45:978][  0]LogInit: User: dbrey
[2016.04.29-00.08.45:978][  0]LogInit: CPU Page size=4096, Cores=4
[2016.04.29-00.08.45:978][  0]LogInit: High frequency timer resolution =2.922641 MHz
[2016.04.29-00.08.45:978][  0]LogMemory: Memory total: Physical=8.0GB (8GB approx)
[2016.04.29-00.08.45:978][  0]LogMemory: Platform Memory Stats for Windows
[2016.04.29-00.08.45:978][  0]LogMemory: Process Physical Memory: 56.39 MB used, 56.39 MB peak
[2016.04.29-00.08.45:978][  0]LogMemory: Process Virtual Memory: 59.32 MB used, 59.32 MB peak
[2016.04.29-00.08.45:978][  0]LogMemory: Physical Memory: 4762.13 MB used, 8149.74 MB total
[2016.04.29-00.08.45:978][  0]LogMemory: Virtual Memory: 368.68 MB used, 134217728.00 MB total
[2016.04.29-00.08.46:029][  0]LogTextLocalizationManager: No specific translations for ('en-US') exist, so ('en') translations will be used.
[2016.04.29-00.08.46:433][  0]LogD3D11RHI: Found D3D11 adapter 0: NVIDIA Quadro 2000 (Feature Level 11_0)
[2016.04.29-00.08.46:433][  0]LogD3D11RHI: Adapter has 963MB of dedicated video memory, 0MB of dedicated system memory, and 4074MB of shared system memory, 1 output[s]
[2016.04.29-00.08.46:434][  0]LogD3D11RHI: Found D3D11 adapter 1: Microsoft Basic Render Driver (Feature Level 11_0)
[2016.04.29-00.08.46:465][  0]LogD3D11RHI: Adapter has 0MB of dedicated video memory, 0MB of dedicated system memory, and 4074MB of shared system memory, 0 output[s]
[2016.04.29-00.08.46:465][  0]LogD3D11RHI: Chosen D3D11 Adapter Id = 0
[2016.04.29-00.08.46:471][  0]LogD3D11RHI: !Direct3DDevice
[2016.04.29-00.08.46:471][  0]LogRHI: Texture pool is 674 MB (70% of 963 MB)
[2016.04.29-00.08.46:481][  0]LogD3D11RHI: Async texture creation enabled
[2016.04.29-00.08.46:499][  0]LogShaderCompilers: Guid format shader working directory is 39 characters bigger than the processId version (D:/cut2/Intermediate/Shaders/WorkingDirectory/8324/).
[2016.04.29-00.08.46:499][  0]LogShaderCompilers: Cleaned the shader compiler working directory 'C:/Users/dbrey/AppData/Local/Temp/UnrealShaderWorkingDir/B30411034FFB73FAC69AB88FF5556C42/'.
[2016.04.29-00.08.46:499][  0]LogShaderCompilers:Display: Using Local Shader Compiler.
[2016.04.29-00.08.47:497][  0]LogTemp:Display: Loaded TP AllDesktopTargetPlatform
[2016.04.29-00.08.47:503][  0]LogTemp:Display: Loaded TP WindowsClientTargetPlatform
[2016.04.29-00.08.47:508][  0]LogTemp:Display: Loaded TP WindowsNoEditorTargetPlatform
[2016.04.29-00.08.47:522][  0]LogTemp:Display: Loaded TP WindowsServerTargetPlatform
[2016.04.29-00.08.47:537][  0]LogTemp:Display: Loaded TP WindowsTargetPlatform
[2016.04.29-00.08.47:549][  0]LogTemp:Display: Loaded TP AndroidTargetPlatform
[2016.04.29-00.08.47:560][  0]LogTemp:Display: Loaded TP Android_ASTCTargetPlatform
[2016.04.29-00.08.47:572][  0]LogTemp:Display: Loaded TP Android_ATCTargetPlatform
[2016.04.29-00.08.47:583][  0]LogTemp:Display: Loaded TP Android_DXTTargetPlatform
[2016.04.29-00.08.47:595][  0]LogTemp:Display: Loaded TP Android_ETC1TargetPlatform
[2016.04.29-00.08.47:607][  0]LogTemp:Display: Loaded TP Android_ETC2TargetPlatform
[2016.04.29-00.08.47:630][  0]LogTemp:Display: Loaded TP Android_MultiTargetPlatform
[2016.04.29-00.08.47:630][  0]LogTemp:Display: Loaded TP Android_PVRTCTargetPlatform
[2016.04.29-00.08.47:639][  0]LogTemp:Display: Loaded TP HTML5TargetPlatform
[2016.04.29-00.08.47:665][  0]LogTemp:Display: Loaded TP IOSTargetPlatform
[2016.04.29-00.08.47:676][  0]LogTemp:Display: Loaded TP LinuxNoEditorTargetPlatform
[2016.04.29-00.08.47:687][  0]LogTemp:Display: Loaded TP LinuxServerTargetPlatform
[2016.04.29-00.08.47:699][  0]LogTemp:Display: Loaded TP LinuxTargetPlatform
[2016.04.29-00.08.47:699][  0]LogTargetPlatformManager:Display: Building Assets For Windows
[2016.04.29-00.08.47:875][  0]LogDerivedDataCache:Display: Max Cache Size: 512 MB
[2016.04.29-00.08.47:928][  0]LogDerivedDataCache: Loaded boot cache 0.05s 41MB C:/Users/dbrey/AppData/Local/UnrealEngine/4.10/DerivedDataCache/Boot.ddc.
[2016.04.29-00.08.47:928][  0]LogDerivedDataCache:Display: Loaded Boot cache: C:/Users/dbrey/AppData/Local/UnrealEngine/4.10/DerivedDataCache/Boot.ddc
[2016.04.29-00.08.47:928][  0]LogDerivedDataCache: FDerivedDataBackendGraph:  Pak pak cache file D:/cut2/DerivedDataCache/DDC.ddp not found, will not use a pak cache.
[2016.04.29-00.08.47:928][  0]LogDerivedDataCache: Unable to find inner node Pak for hierarchical cache Hierarchy.
[2016.04.29-00.08.47:928][  0]LogDerivedDataCache: FDerivedDataBackendGraph:  CompressedPak pak cache file D:/cut2/DerivedDataCache/Compressed.ddp not found, will not use a pak cache.
[2016.04.29-00.08.47:928][  0]LogDerivedDataCache: Unable to find inner node CompressedPak for hierarchical cache Hierarchy.
[2016.04.29-00.08.47:993][  0]LogDerivedDataCache:Display: Pak cache opened for reading ../../../Engine/DerivedDataCache/Compressed.ddp.
[2016.04.29-00.08.48:006][  0]LogDerivedDataCache: Using Local data cache path C:/Users/dbrey/AppData/Local/UnrealEngine/Common/DerivedDataCache: Writable
[2016.04.29-00.08.48:259][  0]LogInit: Selected Device Profile: [Windows]
[2016.04.29-00.08.48:262][  0]LogContentStreaming: Texture pool size is 1000.000000MB
[2016.04.29-00.08.48:392][  0]LogMeshUtilities: No automatic mesh reduction module available
[2016.04.29-00.08.48:392][  0]LogMeshUtilities: No automatic mesh merging module available
[2016.04.29-00.08.48:678][  0]LogInit: WinSock: version 1.1 (2.2), MaxSocks=32767, MaxUdp=65467
[2016.04.29-00.08.49:246][  0]LogWindowsMoviePlayer: Unable to load movie: D:/cut2/Content/Movies/Default_Startup.mp4
[2016.04.29-00.08.49:450][  0]SourceControl: Info Source control is disabled
[2016.04.29-00.08.49:450][  0]SourceControl: Info Source control is disabled
[2016.04.29-00.08.49:489][  0]SourceControl: Info Source control is disabled
[2016.04.29-00.08.49:860][  0]LogObj: 27935 objects as part of root set at end of initial load.
[2016.04.29-00.08.49:860][  0]LogUObjectAllocator: 5830064 out of 0 bytes used by permanent object pool.
[2016.04.29-00.08.49:945][  0]LogEngine: Initializing Engine...
[2016.04.29-00.08.49:948][  0]LogHMD: Can't find Oculus library dev build: is proper Runtime installed? Version: 0.8.0.0
[2016.04.29-00.08.49:959][  0]LogHMD: SteamVR failed to initialize.  Err: 110
[2016.04.29-00.08.50:072][  0]LogInit: XAudio2 using 'Speakers (Realtek High Definition Audio)' : 2 channels at 48 kHz using 32 bits per sample (channel mask 0x3)
[2016.04.29-00.08.50:085][  0]LogInit: FAudioDevice initialized.
[2016.04.29-00.08.50:090][  0]LogInit: Texture streaming: Enabled
[2016.04.29-00.08.50:220][  0]LogNet: Browse: /Temp/Autosaves/Game/TwinStickBP/Maps/UEDPCStartGame?Name=Player
[2016.04.29-00.08.50:221][  0]LogLoad: LoadMap: /Temp/Autosaves/Game/TwinStickBP/Maps/UEDPCStartGame?Name=Player
[2016.04.29-00.08.50:286][  0]LogParticles: Destroying 0 GPU particle simulations for FXSystem 0x0000002AF9CF87C0
[2016.04.29-00.08.50:340][  0]LogMemory: Platform Memory Stats for Windows
[2016.04.29-00.08.50:340][  0]LogMemory: Process Physical Memory: 379.85 MB used, 380.09 MB peak
[2016.04.29-00.08.50:340][  0]LogMemory: Process Virtual Memory: 384.16 MB used, 440.64 MB peak
[2016.04.29-00.08.50:340][  0]LogMemory: Physical Memory: 5021.49 MB used, 8149.74 MB total
[2016.04.29-00.08.50:340][  0]LogMemory: Virtual Memory: 921.32 MB used, 134217728.00 MB total
[2016.04.29-00.08.50:340][  0]LogMemory: 
[2016.04.29-00.08.50:340][  0]Allocator Stats for TBB: (not implemented)
[2016.04.29-00.08.50:387][  0]LogAIModule: Creating AISystem for world StartGame
[2016.04.29-00.08.50:769][  0]LogWorld: Game class is 'TwinStickGameMode_C'
[2016.04.29-00.08.50:771][  0]LogWorld: Bringing World /Temp/Autosaves/Game/TwinStickBP/Maps/UEDPCStartGame.StartGame up for play (max tick rate 0) at 2016.04.28-17.08.50
[2016.04.29-00.08.50:787][  0]LogWorld: Bringing up level for play took: 0.016056
[2016.04.29-00.08.50:883][  0]LogInit:Display: Game Engine Initialized.
[2016.04.29-00.08.51:166][  0]LogLoad: Full Startup: 5.60 seconds (BP compile: 0.10 seconds)
[2016.04.29-00.08.51:187][  0]LogOcInput: Can't find Oculus library dev build: is proper Runtime installed? Version: 0.8.0.0
[2016.04.29-00.08.51:379][  2]LogRenderer: Reallocating scene render targets to support 1280x720 (Frame:2).
[2016.04.29-00.09.04:830][821]LogPackageName: SearchForPackageOnDisk took   0.083s to resolve Level1.umap.
[2016.04.29-00.09.04:911][821]LogPackageName: SearchForPackageOnDisk took   0.080s to resolve Level1.umap.
[2016.04.29-00.09.04:911][821]LogNet: Browse: /Game/TwinStickBP/Maps/Level1
[2016.04.29-00.09.04:911][821]LogLoad: LoadMap: /Game/TwinStickBP/Maps/Level1
[2016.04.29-00.09.04:934][821]LogParticles: Destroying 0 GPU particle simulations for FXSystem 0x0000002AECB86AC0
[2016.04.29-00.09.04:995][821]LogMemory: Platform Memory Stats for Windows
[2016.04.29-00.09.04:995][821]LogMemory: Process Physical Memory: 422.70 MB used, 433.26 MB peak
[2016.04.29-00.09.04:995][821]LogMemory: Process Virtual Memory: 642.47 MB used, 656.38 MB peak
[2016.04.29-00.09.04:995][821]LogMemory: Physical Memory: 5142.12 MB used, 8149.74 MB total
[2016.04.29-00.09.04:995][821]LogMemory: Virtual Memory: 1176.14 MB used, 134217728.00 MB total
[2016.04.29-00.09.04:995][821]LogMemory: 
[2016.04.29-00.09.04:995][821]Allocator Stats for TBB: (not implemented)
[2016.04.29-00.09.05:607][821]LogAIModule: Creating AISystem for world Level1
[2016.04.29-00.09.05:610][821]LogWorld: Game class is 'TwinStickGameMode_C'
[2016.04.29-00.09.05:621][821]LogWorld: Bringing World /Game/TwinStickBP/Maps/Level1.Level1 up for play (max tick rate 0) at 2016.04.28-17.09.05
[2016.04.29-00.09.05:633][821]LogWorld: Bringing up level for play took: 0.022055
[2016.04.29-00.09.05:634][821]LogBlueprintUserMessages:Warning: SetTimer passed a bad function (ESpawner) or object (ESpawner2_410)
[2016.04.29-00.09.05:634][821]LogBlueprintUserMessages:Warning: SetTimer passed a bad function (ESpawner) or object (ESpawner3_629)
[2016.04.29-00.09.05:634][821]LogBlueprintUserMessages:Warning: SetTimer passed a bad function (ESpawner) or object (ESpawner4)
[2016.04.29-00.09.05:634][821]LogBlueprintUserMessages:Warning: SetTimer passed a bad function (ESpawner) or object (ESpawner_C_1)
[2016.04.29-00.09.05:661][821]LogAudio:Warning: Detected orphaned looping sound 'Starter_Music01'.
[2016.04.29-00.09.30:810][605]LogPackageName: SearchForPackageOnDisk took   0.087s to resolve Level2.umap.
[2016.04.29-00.09.30:895][606]LogPackageName: SearchForPackageOnDisk took   0.082s to resolve Level2.umap.
[2016.04.29-00.09.30:895][606]LogNet: Browse: /Game/TwinStickBP/Maps/Level2
[2016.04.29-00.09.30:895][606]LogLoad: LoadMap: /Game/TwinStickBP/Maps/Level2
[2016.04.29-00.09.30:930][606]LogParticles: Destroying 0 GPU particle simulations for FXSystem 0x0000002AEAE04F40
[2016.04.29-00.09.30:953][606]LogMemory: Platform Memory Stats for Windows
[2016.04.29-00.09.30:953][606]LogMemory: Process Physical Memory: 497.30 MB used, 508.00 MB peak
[2016.04.29-00.09.30:953][606]LogMemory: Process Virtual Memory: 834.83 MB used, 847.74 MB peak
[2016.04.29-00.09.30:953][606]LogMemory: Physical Memory: 5327.70 MB used, 8149.74 MB total
[2016.04.29-00.09.30:953][606]LogMemory: Virtual Memory: 1399.52 MB used, 134217728.00 MB total
[2016.04.29-00.09.30:953][606]LogMemory: 
[2016.04.29-00.09.30:953][606]Allocator Stats for TBB: (not implemented)
[2016.04.29-00.09.31:644][606]LogTexture:Display: Building textures: HQ_Lightmap0_1 (AutoDXT)
[2016.04.29-00.09.32:031][606]LogTexture:Display: Building textures: HQ_Lightmap1_2 (AutoDXT)
[2016.04.29-00.09.32:339][606]LogTexture:Display: Building textures: HQ_Lightmap1_3 (AutoDXT)
[2016.04.29-00.09.32:371][606]LogTexture:Display: Building textures: LQ_Lightmap_0_1 (DXT1)
[2016.04.29-00.09.32:557][606]LogTexture:Display: Building textures: LQ_Lightmap_1_2 (DXT1)
[2016.04.29-00.09.32:700][606]LogTexture:Display: Building textures: LQ_Lightmap_1_3 (DXT1)
[2016.04.29-00.09.32:718][606]LogTexture:Display: Building textures: SkyOcclusion0_1 (AutoDXT)
[2016.04.29-00.09.32:912][606]LogTexture:Display: Building textures: SkyOcclusion0_2 (AutoDXT)
[2016.04.29-00.09.33:067][606]LogTexture:Display: Building textures: SkyOcclusion1_3 (AutoDXT)
[2016.04.29-00.09.33:083][606]LogTexture:Display: Building textures: ShadowMapTexture2D_4 (BGRA8)
[2016.04.29-00.09.33:122][606]LogTexture:Display: Building textures: ShadowMapTexture2D_5 (BGRA8)
[2016.04.29-00.09.33:150][606]LogTexture:Display: Building textures: ShadowMapTexture2D_6 (BGRA8)
[2016.04.29-00.09.33:344][606]LogAIModule: Creating AISystem for world Level2
[2016.04.29-00.09.33:359][606]LogWorld: Game class is 'TwinStickGameMode_C'
[2016.04.29-00.09.33:368][606]LogWorld: Bringing World /Game/TwinStickBP/Maps/Level2.Level2 up for play (max tick rate 0) at 2016.04.28-17.09.33
[2016.04.29-00.09.33:384][606]LogWorld: Bringing up level for play took: 0.023796
[2016.04.29-00.09.33:386][606]LogBlueprintUserMessages:Warning: SetTimer passed a bad function (ESpawner) or object (ESpawner4_1181)
[2016.04.29-00.09.33:386][606]LogBlueprintUserMessages:Warning: SetTimer passed a bad function (ESpawner) or object (ESpawner5_1592)
[2016.04.29-00.09.33:386][606]LogBlueprintUserMessages:Warning: SetTimer passed a bad function (ESpawner) or object (ESpawner6_393)
[2016.04.29-00.09.33:386][606]LogBlueprintUserMessages:Warning: SetTimer passed a bad function (ESpawner) or object (ESpawner7)
[2016.04.29-00.09.33:393][606]LogBlueprintUserMessages:Warning: SetTimer passed a bad function (ESpawner) or object (ESpawner8)
[2016.04.29-00.09.33:393][606]LogBlueprintUserMessages:Warning: SetTimer passed a bad function (ESpawner) or object (ESpawner_314)
[2016.04.29-00.09.33:408][606]LogAudio:Warning: Detected orphaned looping sound 'Starter_Music_Cue'.
[2016.04.29-00.09.51:056][ 68]LogSpawn:Warning: SpawnActor failed because of collision at the spawn location [X=-2820.000 Y=-1189.000 Z=101.000] for [BossWood_C]
[2016.04.29-00.09.51:056][ 68]LogSpawn:Warning: SpawnActor failed because the spawned actor IsPendingKill
[2016.04.29-00.09.57:118][213]LogSpawn:Warning: SpawnActor failed because of collision at the spawn location [X=-2820.000 Y=-1189.000 Z=101.000] for [BossWood_C]
[2016.04.29-00.09.57:118][213]LogSpawn:Warning: SpawnActor failed because the spawned actor IsPendingKill
[2016.04.29-00.09.57:118][213]LogSpawn:Warning: SpawnActor failed because of collision at the spawn location [X=-2770.000 Y=-2258.000 Z=110.000] for [BossWood_C]
[2016.04.29-00.09.57:118][213]LogSpawn:Warning: SpawnActor failed because the spawned actor IsPendingKill
[2016.04.29-00.10.24:525][846]LogPackageName: SearchForPackageOnDisk took   0.092s to resolve Level3.umap.
[2016.04.29-00.10.24:609][847]LogPackageName: SearchForPackageOnDisk took   0.081s to resolve Level3.umap.
[2016.04.29-00.10.24:609][847]LogNet: Browse: /Game/TwinStickBP/Maps/Level3
[2016.04.29-00.10.24:609][847]LogLoad: LoadMap: /Game/TwinStickBP/Maps/Level3
[2016.04.29-00.10.24:649][847]LogParticles: Destroying 0 GPU particle simulations for FXSystem 0x0000002A96FF4180
[2016.04.29-00.10.24:676][847]LogMemory: Platform Memory Stats for Windows
[2016.04.29-00.10.24:676][847]LogMemory: Process Physical Memory: 531.71 MB used, 542.75 MB peak
[2016.04.29-00.10.24:676][847]LogMemory: Process Virtual Memory: 850.91 MB used, 945.96 MB peak
[2016.04.29-00.10.24:676][847]LogMemory: Physical Memory: 5409.02 MB used, 8149.74 MB total
[2016.04.29-00.10.24:676][847]LogMemory: Virtual Memory: 1413.34 MB used, 134217728.00 MB total
[2016.04.29-00.10.24:676][847]LogMemory: 
[2016.04.29-00.10.24:676][847]Allocator Stats for TBB: (not implemented)
[2016.04.29-00.10.25:211][847]LogTexture:Display: Building textures: HQ_Lightmap0_10 (AutoDXT)
[2016.04.29-00.10.25:235][847]LogTexture:Display: Building textures: HQ_Lightmap0_7 (AutoDXT)
[2016.04.29-00.10.25:245][847]LogTexture:Display: Building textures: HQ_Lightmap1_1 (AutoDXT)
[2016.04.29-00.10.25:251][847]LogTexture:Display: Building textures: HQ_Lightmap1_11 (AutoDXT)
[2016.04.29-00.10.25:261][847]LogTexture:Display: Building textures: HQ_Lightmap1_2 (AutoDXT)
[2016.04.29-00.10.25:267][847]LogTexture:Display: Building textures: HQ_Lightmap1_3 (AutoDXT)
[2016.04.29-00.10.25:273][847]LogTexture:Display: Building textures: HQ_Lightmap1_4 (AutoDXT)
[2016.04.29-00.10.25:279][847]LogTexture:Display: Building textures: HQ_Lightmap1_5 (AutoDXT)
[2016.04.29-00.10.25:285][847]LogTexture:Display: Building textures: HQ_Lightmap1_6 (AutoDXT)
[2016.04.29-00.10.25:315][847]LogTexture:Display: Building textures: HQ_Lightmap1_8 (AutoDXT)
[2016.04.29-00.10.25:334][847]LogTexture:Display: Building textures: HQ_Lightmap1_9 (AutoDXT)
[2016.04.29-00.10.25:353][847]LogTexture:Display: Building textures: LQ_Lightmap_0_10 (DXT1)
[2016.04.29-00.10.25:364][847]LogTexture:Display: Building textures: LQ_Lightmap_0_7 (DXT1)
[2016.04.29-00.10.25:368][847]LogTexture:Display: Building textures: LQ_Lightmap_1_1 (DXT1)
[2016.04.29-00.10.25:371][847]LogTexture:Display: Building textures: LQ_Lightmap_1_11 (DXT1)
[2016.04.29-00.10.25:376][847]LogTexture:Display: Building textures: LQ_Lightmap_1_2 (DXT1)
[2016.04.29-00.10.25:380][847]LogTexture:Display: Building textures: LQ_Lightmap_1_3 (DXT1)
[2016.04.29-00.10.25:385][847]LogTexture:Display: Building textures: LQ_Lightmap_1_4 (DXT1)
[2016.04.29-00.10.25:388][847]LogTexture:Display: Building textures: LQ_Lightmap_1_5 (DXT1)
[2016.04.29-00.10.25:391][847]LogTexture:Display: Building textures: LQ_Lightmap_1_6 (DXT1)
[2016.04.29-00.10.25:404][847]LogTexture:Display: Building textures: LQ_Lightmap_1_8 (DXT1)
[2016.04.29-00.10.25:409][847]LogTexture:Display: Building textures: LQ_Lightmap_1_9 (DXT1)
[2016.04.29-00.10.25:415][847]LogTexture:Display: Building textures: SkyOcclusion0_1 (AutoDXT)
[2016.04.29-00.10.25:422][847]LogTexture:Display: Building textures: SkyOcclusion0_10 (AutoDXT)
[2016.04.29-00.10.25:436][847]LogTexture:Display: Building textures: SkyOcclusion0_2 (AutoDXT)
[2016.04.29-00.10.25:441][847]LogTexture:Display: Building textures: SkyOcclusion0_3 (AutoDXT)
[2016.04.29-00.10.25:445][847]LogTexture:Display: Building textures: SkyOcclusion0_4 (AutoDXT)
[2016.04.29-00.10.25:450][847]LogTexture:Display: Building textures: SkyOcclusion0_5 (AutoDXT)
[2016.04.29-00.10.25:454][847]LogTexture:Display: Building textures: SkyOcclusion0_7 (AutoDXT)
[2016.04.29-00.10.25:461][847]LogTexture:Display: Building textures: SkyOcclusion1_11 (AutoDXT)
[2016.04.29-00.10.25:467][847]LogTexture:Display: Building textures: SkyOcclusion1_6 (AutoDXT)
[2016.04.29-00.10.25:483][847]LogTexture:Display: Building textures: SkyOcclusion1_8 (AutoDXT)
[2016.04.29-00.10.25:495][847]LogTexture:Display: Building textures: SkyOcclusion1_9 (AutoDXT)
[2016.04.29-00.10.25:507][847]LogTexture:Display: Building textures: ShadowMapTexture2D_22 (BGRA8)
[2016.04.29-00.10.25:509][847]LogTexture:Display: Building textures: ShadowMapTexture2D_23 (BGRA8)
[2016.04.29-00.10.25:511][847]LogTexture:Display: Building textures: ShadowMapTexture2D_24 (BGRA8)
[2016.04.29-00.10.25:512][847]LogTexture:Display: Building textures: ShadowMapTexture2D_25 (BGRA8)
[2016.04.29-00.10.25:513][847]LogTexture:Display: Building textures: ShadowMapTexture2D_26 (BGRA8)
[2016.04.29-00.10.25:516][847]LogTexture:Display: Building textures: ShadowMapTexture2D_27 (BGRA8)
[2016.04.29-00.10.25:518][847]LogTexture:Display: Building textures: ShadowMapTexture2D_28 (BGRA8)
[2016.04.29-00.10.25:518][847]LogTexture:Display: Building textures: ShadowMapTexture2D_29 (BGRA8)
[2016.04.29-00.10.25:519][847]LogTexture:Display: Building textures: ShadowMapTexture2D_30 (BGRA8)
[2016.04.29-00.10.25:520][847]LogTexture:Display: Building textures: ShadowMapTexture2D_31 (BGRA8)
[2016.04.29-00.10.25:522][847]LogTexture:Display: Building textures: ShadowMapTexture2D_32 (BGRA8)
[2016.04.29-00.10.25:594][847]LogAIModule: Creating AISystem for world Level3
[2016.04.29-00.10.25:610][847]LogWorld: Game class is 'TwinStickGameMode_C'
[2016.04.29-00.10.25:633][847]LogWorld: Bringing World /Game/TwinStickBP/Maps/Level3.Level3 up for play (max tick rate 0) at 2016.04.28-17.10.25
[2016.04.29-00.10.25:638][847]LogWorld: Bringing up level for play took: 0.026945
[2016.04.29-00.10.25:641][847]LogBlueprintUserMessages:Warning: SetTimer passed a bad function (ESpawner) or object (ESpawner10)
[2016.04.29-00.10.25:641][847]LogBlueprintUserMessages:Warning: SetTimer passed a bad function (ESpawner) or object (ESpawner11)
[2016.04.29-00.10.25:641][847]LogBlueprintUserMessages:Warning: SetTimer passed a bad function (ESpawner) or object (ESpawner13)
[2016.04.29-00.10.25:641][847]LogBlueprintUserMessages:Warning: SetTimer passed a bad function (ESpawner) or object (ESpawner15)
[2016.04.29-00.10.25:641][847]LogBlueprintUserMessages:Warning: SetTimer passed a bad function (ESpawner) or object (ESpawner4)
[2016.04.29-00.10.25:641][847]LogBlueprintUserMessages:Warning: SetTimer passed a bad function (ESpawner) or object (ESpawner5)
[2016.04.29-00.10.25:641][847]LogBlueprintUserMessages:Warning: SetTimer passed a bad function (ESpawner) or object (ESpawner6_2128)
[2016.04.29-00.10.25:641][847]LogBlueprintUserMessages:Warning: SetTimer passed a bad function (ESpawner) or object (ESpawner7)
[2016.04.29-00.10.25:641][847]LogBlueprintUserMessages:Warning: SetTimer passed a bad function (ESpawner) or object (ESpawner9)
[2016.04.29-00.10.25:645][847]LogAudio:Warning: Detected orphaned looping sound 'Starter_Music_Cue'.
[2016.04.29-00.12.21:334][887]LogPackageName: SearchForPackageOnDisk took   0.105s to resolve WinCondition.umap.
[2016.04.29-00.12.21:428][888]LogPackageName: SearchForPackageOnDisk took   0.082s to resolve WinCondition.umap.
[2016.04.29-00.12.21:428][888]LogNet: Browse: /Game/TwinStickBP/Maps/WINCondition
[2016.04.29-00.12.21:428][888]LogLoad: LoadMap: /Game/TwinStickBP/Maps/WINCondition
[2016.04.29-00.12.21:469][888]LogParticles: Destroying 0 GPU particle simulations for FXSystem 0x0000002A900D9440
[2016.04.29-00.12.21:480][888]LogMemory: Platform Memory Stats for Windows
[2016.04.29-00.12.21:480][888]LogMemory: Process Physical Memory: 526.79 MB used, 556.76 MB peak
[2016.04.29-00.12.21:480][888]LogMemory: Process Virtual Memory: 876.22 MB used, 945.96 MB peak
[2016.04.29-00.12.21:480][888]LogMemory: Physical Memory: 4536.89 MB used, 8149.74 MB total
[2016.04.29-00.12.21:480][888]LogMemory: Virtual Memory: 1441.97 MB used, 134217728.00 MB total
[2016.04.29-00.12.21:480][888]LogMemory: 
[2016.04.29-00.12.21:480][888]Allocator Stats for TBB: (not implemented)
[2016.04.29-00.12.21:817][888]LogAIModule: Creating AISystem for world WINCondition
[2016.04.29-00.12.22:096][888]LogWorld: Game class is 'TwinStickGameMode_C'
[2016.04.29-00.12.22:099][888]LogWorld: Bringing World /Game/TwinStickBP/Maps/WINCondition.WINCondition up for play (max tick rate 0) at 2016.04.28-17.12.22
[2016.04.29-00.12.22:115][888]LogWorld: Bringing up level for play took: 0.017599
[2016.04.29-00.12.31:736][ 98]LogPackageName: SearchForPackageOnDisk took   0.101s to resolve StartGame.umap.
[2016.04.29-00.12.31:817][ 99]LogPackageName: SearchForPackageOnDisk took   0.080s to resolve StartGame.umap.
[2016.04.29-00.12.31:818][ 99]LogNet: Browse: /Game/TwinStickBP/Maps/StartGame
[2016.04.29-00.12.31:818][ 99]LogLoad: LoadMap: /Game/TwinStickBP/Maps/StartGame
[2016.04.29-00.12.31:857][ 99]LogParticles: Destroying 0 GPU particle simulations for FXSystem 0x0000002AEAD85800
[2016.04.29-00.12.31:868][ 99]LogMemory: Platform Memory Stats for Windows
[2016.04.29-00.12.31:868][ 99]LogMemory: Process Physical Memory: 529.78 MB used, 556.76 MB peak
[2016.04.29-00.12.31:868][ 99]LogMemory: Process Virtual Memory: 835.44 MB used, 958.33 MB peak
[2016.04.29-00.12.31:868][ 99]LogMemory: Physical Memory: 4582.29 MB used, 8149.74 MB total
[2016.04.29-00.12.31:868][ 99]LogMemory: Virtual Memory: 1400.79 MB used, 134217728.00 MB total
[2016.04.29-00.12.31:868][ 99]LogMemory: 
[2016.04.29-00.12.31:868][ 99]Allocator Stats for TBB: (not implemented)
[2016.04.29-00.12.31:895][ 99]LogAIModule: Creating AISystem for world StartGame
[2016.04.29-00.12.32:262][ 99]LogWorld: Game class is 'TwinStickGameMode_C'
[2016.04.29-00.12.32:264][ 99]LogWorld: Bringing World /Game/TwinStickBP/Maps/StartGame.StartGame up for play (max tick rate 0) at 2016.04.28-17.12.32
[2016.04.29-00.12.32:264][ 99]LogWorld: Bringing up level for play took: 0.000734
[2016.04.29-00.12.32:265][ 99]LogGameMode: Warning - PATHS NOT DEFINED or NO PLAYERSTART with positive rating
[2016.04.29-00.12.39:985][331]LogPackageName: SearchForPackageOnDisk took   0.080s to resolve Level1.umap.
[2016.04.29-00.12.40:065][331]LogPackageName: SearchForPackageOnDisk took   0.079s to resolve Level1.umap.
[2016.04.29-00.12.40:065][331]LogNet: Browse: /Game/TwinStickBP/Maps/Level1
[2016.04.29-00.12.40:065][331]LogLoad: LoadMap: /Game/TwinStickBP/Maps/Level1
[2016.04.29-00.12.40:096][331]LogParticles: Destroying 0 GPU particle simulations for FXSystem 0x0000002A949AD440
[2016.04.29-00.12.40:106][331]LogMemory: Platform Memory Stats for Windows
[2016.04.29-00.12.40:106][331]LogMemory: Process Physical Memory: 529.30 MB used, 556.76 MB peak
[2016.04.29-00.12.40:106][331]LogMemory: Process Virtual Memory: 823.89 MB used, 958.33 MB peak
[2016.04.29-00.12.40:106][331]LogMemory: Physical Memory: 4575.44 MB used, 8149.74 MB total
[2016.04.29-00.12.40:106][331]LogMemory: Virtual Memory: 1392.10 MB used, 134217728.00 MB total
[2016.04.29-00.12.40:106][331]LogMemory: 
[2016.04.29-00.12.40:106][331]Allocator Stats for TBB: (not implemented)
[2016.04.29-00.12.40:717][331]LogAIModule: Creating AISystem for world Level1
[2016.04.29-00.12.40:717][331]LogWorld: Game class is 'TwinStickGameMode_C'
[2016.04.29-00.12.40:728][331]LogWorld: Bringing World /Game/TwinStickBP/Maps/Level1.Level1 up for play (max tick rate 0) at 2016.04.28-17.12.40
[2016.04.29-00.12.40:730][331]LogWorld: Bringing up level for play took: 0.011540
[2016.04.29-00.12.40:730][331]LogBlueprintUserMessages:Warning: SetTimer passed a bad function (ESpawner) or object (ESpawner2_410)
[2016.04.29-00.12.40:730][331]LogBlueprintUserMessages:Warning: SetTimer passed a bad function (ESpawner) or object (ESpawner3_629)
[2016.04.29-00.12.40:730][331]LogBlueprintUserMessages:Warning: SetTimer passed a bad function (ESpawner) or object (ESpawner4)
[2016.04.29-00.12.40:730][331]LogBlueprintUserMessages:Warning: SetTimer passed a bad function (ESpawner) or object (ESpawner_C_1)
[2016.04.29-00.12.40:734][331]LogAudio:Warning: Detected orphaned looping sound 'Starter_Music01'.
[2016.04.29-00.12.48:735][648]LogPackageName: SearchForPackageOnDisk took   0.099s to resolve Level2.umap.
[2016.04.29-00.12.48:818][649]LogPackageName: SearchForPackageOnDisk took   0.081s to resolve Level2.umap.
[2016.04.29-00.12.48:818][649]LogNet: Browse: /Game/TwinStickBP/Maps/Level2
[2016.04.29-00.12.48:819][649]LogLoad: LoadMap: /Game/TwinStickBP/Maps/Level2
[2016.04.29-00.12.48:861][649]LogParticles: Destroying 0 GPU particle simulations for FXSystem 0x0000002A9EB47920
[2016.04.29-00.12.48:872][649]LogMemory: Platform Memory Stats for Windows
[2016.04.29-00.12.48:872][649]LogMemory: Process Physical Memory: 531.80 MB used, 556.76 MB peak
[2016.04.29-00.12.48:872][649]LogMemory: Process Virtual Memory: 877.89 MB used, 958.33 MB peak
[2016.04.29-00.12.48:872][649]LogMemory: Physical Memory: 4619.41 MB used, 8149.74 MB total
[2016.04.29-00.12.48:872][649]LogMemory: Virtual Memory: 1437.04 MB used, 134217728.00 MB total
[2016.04.29-00.12.48:872][649]LogMemory: 
[2016.04.29-00.12.48:872][649]Allocator Stats for TBB: (not implemented)
[2016.04.29-00.12.49:521][649]LogAIModule: Creating AISystem for world Level2
[2016.04.29-00.12.49:537][649]LogWorld: Game class is 'TwinStickGameMode_C'
[2016.04.29-00.12.49:546][649]LogWorld: Bringing World /Game/TwinStickBP/Maps/Level2.Level2 up for play (max tick rate 0) at 2016.04.28-17.12.49
[2016.04.29-00.12.49:547][649]LogWorld: Bringing up level for play took: 0.008509
[2016.04.29-00.12.49:548][649]LogBlueprintUserMessages:Warning: SetTimer passed a bad function (ESpawner) or object (ESpawner4_1181)
[2016.04.29-00.12.49:548][649]LogBlueprintUserMessages:Warning: SetTimer passed a bad function (ESpawner) or object (ESpawner5_1592)
[2016.04.29-00.12.49:548][649]LogBlueprintUserMessages:Warning: SetTimer passed a bad function (ESpawner) or object (ESpawner6_393)
[2016.04.29-00.12.49:548][649]LogBlueprintUserMessages:Warning: SetTimer passed a bad function (ESpawner) or object (ESpawner7)
[2016.04.29-00.12.49:548][649]LogBlueprintUserMessages:Warning: SetTimer passed a bad function (ESpawner) or object (ESpawner8)
[2016.04.29-00.12.49:548][649]LogBlueprintUserMessages:Warning: SetTimer passed a bad function (ESpawner) or object (ESpawner_314)
[2016.04.29-00.12.49:551][649]LogAudio:Warning: Detected orphaned looping sound 'Starter_Music_Cue'.
[2016.04.29-00.12.58:468][958]LogPackageName: SearchForPackageOnDisk took   0.091s to resolve GameOver.umap.
[2016.04.29-00.12.58:550][959]LogPackageName: SearchForPackageOnDisk took   0.080s to resolve GameOver.umap.
[2016.04.29-00.12.58:550][959]LogNet: Browse: /Game/TwinStickBP/Maps/GameOver
[2016.04.29-00.12.58:551][959]LogLoad: LoadMap: /Game/TwinStickBP/Maps/GameOver
[2016.04.29-00.12.58:597][959]LogParticles: Destroying 0 GPU particle simulations for FXSystem 0x0000002A95143600
[2016.04.29-00.12.58:608][959]LogMemory: Platform Memory Stats for Windows
[2016.04.29-00.12.58:608][959]LogMemory: Process Physical Memory: 536.27 MB used, 556.76 MB peak
[2016.04.29-00.12.58:608][959]LogMemory: Process Virtual Memory: 857.39 MB used, 958.33 MB peak
[2016.04.29-00.12.58:610][959]LogMemory: Physical Memory: 4620.69 MB used, 8149.74 MB total
[2016.04.29-00.12.58:610][959]LogMemory: Virtual Memory: 1420.22 MB used, 134217728.00 MB total
[2016.04.29-00.12.58:610][959]LogMemory: 
[2016.04.29-00.12.58:610][959]Allocator Stats for TBB: (not implemented)
[2016.04.29-00.12.58:639][959]LogAIModule: Creating AISystem for world GameOver
[2016.04.29-00.12.59:008][959]LogWorld: Game class is 'TwinStickGameMode_C'
[2016.04.29-00.12.59:009][959]LogWorld: Bringing World /Game/TwinStickBP/Maps/GameOver.GameOver up for play (max tick rate 0) at 2016.04.28-17.12.59
[2016.04.29-00.12.59:010][959]LogWorld: Bringing up level for play took: 0.000638
[2016.04.29-00.12.59:010][959]LogGameMode: Warning - PATHS NOT DEFINED or NO PLAYERSTART with positive rating
[2016.04.29-00.12.59:012][959]LogAudio:Warning: Detected orphaned looping sound 'Starter_Music01'.
[2016.04.29-00.13.03:621][186]LogPackageName: SearchForPackageOnDisk took   0.094s to resolve StartGame.umap.
[2016.04.29-00.13.03:703][187]LogPackageName: SearchForPackageOnDisk took   0.080s to resolve StartGame.umap.
[2016.04.29-00.13.03:703][187]LogNet: Browse: /Game/TwinStickBP/Maps/StartGame
[2016.04.29-00.13.03:703][187]LogLoad: LoadMap: /Game/TwinStickBP/Maps/StartGame
[2016.04.29-00.13.03:737][187]LogParticles: Destroying 0 GPU particle simulations for FXSystem 0x0000002A8D914D60
[2016.04.29-00.13.03:748][187]LogMemory: Platform Memory Stats for Windows
[2016.04.29-00.13.03:748][187]LogMemory: Process Physical Memory: 528.79 MB used, 556.76 MB peak
[2016.04.29-00.13.03:748][187]LogMemory: Process Virtual Memory: 822.32 MB used, 958.33 MB peak
[2016.04.29-00.13.03:748][187]LogMemory: Physical Memory: 4614.84 MB used, 8149.74 MB total
[2016.04.29-00.13.03:748][187]LogMemory: Virtual Memory: 1398.22 MB used, 134217728.00 MB total
[2016.04.29-00.13.03:748][187]LogMemory: 
[2016.04.29-00.13.03:748][187]Allocator Stats for TBB: (not implemented)
[2016.04.29-00.13.03:775][187]LogAIModule: Creating AISystem for world StartGame
[2016.04.29-00.13.04:144][187]LogWorld: Game class is 'TwinStickGameMode_C'
[2016.04.29-00.13.04:146][187]LogWorld: Bringing World /Game/TwinStickBP/Maps/StartGame.StartGame up for play (max tick rate 0) at 2016.04.28-17.13.04
[2016.04.29-00.13.04:146][187]LogWorld: Bringing up level for play took: 0.000596
[2016.04.29-00.13.04:147][187]LogGameMode: Warning - PATHS NOT DEFINED or NO PLAYERSTART with positive rating
[2016.04.29-00.13.06:753][348]Closing by request
[2016.04.29-00.13.06:753][348]LogWindows: FPlatformMisc::RequestExit(0)
[2016.04.29-00.13.07:092][349]LogWindowsTextInputMethodSystem:Display: IME system now deactivated.
[2016.04.29-00.13.07:098][349]LogExit: Preparing to exit.
[2016.04.29-00.13.07:295][349]LogExit: Game engine shut down
[2016.04.29-00.13.07:652][349]LogParticles: Destroying 0 GPU particle simulations for FXSystem 0x0000002A8D915940
[2016.04.29-00.13.07:652][349]LogExit: Object subsystem successfully closed.
[2016.04.29-00.13.07:688][349]LogD3D11RHI: Shutdown
[2016.04.29-00.13.07:688][349]LogD3D11RHI: CleanupD3DDevice
[2016.04.29-00.13.07:777][349]LogD3D11RHI: ~FD3D11DynamicRHI
[2016.04.29-00.13.07:888][349]LogModuleManager: Shutting down and abandoning module AndroidDeviceDetection (117)
[2016.04.29-00.13.08:300][349]LogModuleManager: Shutting down and abandoning module AutomationController (116)
[2016.04.29-00.13.08:300][349]LogModuleManager: Shutting down and abandoning module AutomationWorker (115)
[2016.04.29-00.13.08:300][349]LogModuleManager: Shutting down and abandoning module CharacterAI (114)
[2016.04.29-00.13.08:300][349]LogModuleManager: Shutting down and abandoning module AITestSuite (113)
[2016.04.29-00.13.08:300][349]LogModuleManager: Shutting down and abandoning module GameplayDebugger (112)
[2016.04.29-00.13.08:300][349]LogModuleManager: Shutting down and abandoning module AIModule (111)
[2016.04.29-00.13.08:300][349]LogModuleManager: Shutting down and abandoning module MovieSceneCapture (110)
[2016.04.29-00.13.08:302][349]LogModuleManager: Shutting down and abandoning module GameLiveStreaming (109)
[2016.04.29-00.13.08:302][349]LogModuleManager: Shutting down and abandoning module StreamingPauseRendering (108)
[2016.04.29-00.13.08:302][349]LogModuleManager: Shutting down and abandoning module ProfilerService (107)
[2016.04.29-00.13.08:529][349]LogModuleManager: Shutting down and abandoning module TaskGraph (106)
[2016.04.29-00.13.08:529][349]LogModuleManager: Shutting down and abandoning module SlateRemote (105)
[2016.04.29-00.13.08:529][349]LogModuleManager: Shutting down and abandoning module SteamVRController (104)
[2016.04.29-00.13.08:529][349]LogModuleManager: Shutting down and abandoning module SteamVR (103)
[2016.04.29-00.13.08:529][349]LogModuleManager: Shutting down and abandoning module ProceduralMeshComponent (102)
[2016.04.29-00.13.08:529][349]LogModuleManager: Shutting down and abandoning module OculusLibrary (101)
[2016.04.29-00.13.08:529][349]LogModuleManager: Shutting down and abandoning module OculusInput (100)
[2016.04.29-00.13.08:529][349]LogModuleManager: Shutting down and abandoning module LeapMotionController (99)
[2016.04.29-00.13.08:568][349]LogModuleManager: Shutting down and abandoning module CustomMeshComponent (98)
[2016.04.29-00.13.08:568][349]LogModuleManager: Shutting down and abandoning module CableComponent (97)
[2016.04.29-00.13.08:568][349]LogModuleManager: Shutting down and abandoning module ArchVisCharacter (96)
[2016.04.29-00.13.08:568][349]LogModuleManager: Shutting down and abandoning module HTML5Networking (95)
[2016.04.29-00.13.08:568][349]LogModuleManager: Shutting down and abandoning module DesktopPlatform (94)
[2016.04.29-00.13.08:568][349]LogModuleManager: Shutting down and abandoning module DirectoryWatcher (93)
[2016.04.29-00.13.08:568][349]LogModuleManager: Shutting down and abandoning module HotReload (92)
[2016.04.29-00.13.08:568][349]LogModuleManager: Shutting down and abandoning module VisualStudioSourceCodeAccess (91)
[2016.04.29-00.13.08:568][349]LogModuleManager: Shutting down and abandoning module UObjectPlugin (90)
[2016.04.29-00.13.08:568][349]LogModuleManager: Shutting down and abandoning module SubversionSourceControl (89)
[2016.04.29-00.13.08:568][349]LogModuleManager: Shutting down and abandoning module SourceControl (88)
[2016.04.29-00.13.08:568][349]LogModuleManager: Shutting down and abandoning module PerforceSourceControl (87)
[2016.04.29-00.13.08:568][349]LogModuleManager: Shutting down and abandoning module UdpMessaging (86)
[2016.04.29-00.13.08:568][349]LogModuleManager: Shutting down and abandoning module LightPropagationVolumeRuntime (85)
[2016.04.29-00.13.08:568][349]LogModuleManager: Shutting down and abandoning module Paper2D (84)
[2016.04.29-00.13.08:568][349]LogModuleManager: Shutting down and abandoning module WindowsMoviePlayer (83)
[2016.04.29-00.13.08:571][349]LogModuleManager: Shutting down and abandoning module Media (82)
[2016.04.29-00.13.08:571][349]LogModuleManager: Shutting down and abandoning module WmfMedia (81)
[2016.04.29-00.13.08:571][349]LogModuleManager: Shutting down and abandoning module OnlineBlueprintSupport (80)
[2016.04.29-00.13.08:571][349]LogModuleManager: Shutting down and abandoning module GameplayTasksEditor (79)
[2016.04.29-00.13.08:571][349]LogModuleManager: Shutting down and abandoning module PropertyEditor (78)
[2016.04.29-00.13.08:646][349]LogModuleManager: Shutting down and abandoning module BehaviorTreeEditor (77)
[2016.04.29-00.13.08:653][349]LogModuleManager: Shutting down and abandoning module FunctionalTesting (76)
[2016.04.29-00.13.08:653][349]LogModuleManager: Shutting down and abandoning module CollisionAnalyzer (75)
[2016.04.29-00.13.08:653][349]LogModuleManager: Shutting down and abandoning module WorkspaceMenuStructure (74)
[2016.04.29-00.13.08:653][349]LogModuleManager: Shutting down and abandoning module MessageLog (73)
[2016.04.29-00.13.08:653][349]LogModuleManager: Shutting down and abandoning module Sequencer (72)
[2016.04.29-00.13.08:654][349]LogModuleManager: Shutting down and abandoning module AssetTools (71)
[2016.04.29-00.13.08:686][349]LogModuleManager: Shutting down and abandoning module UMGEditor (70)
[2016.04.29-00.13.08:705][349]LogModuleManager: Shutting down and abandoning module UMG (69)
[2016.04.29-00.13.08:705][349]LogModuleManager: Shutting down and abandoning module Slate (68)
[2016.04.29-00.13.08:705][349]LogModuleManager: Shutting down and abandoning module EditorStyle (67)
[2016.04.29-00.13.08:707][349]LogModuleManager: Shutting down and abandoning module SessionServices (66)
[2016.04.29-00.13.08:707][349]LogModuleManager: Shutting down and abandoning module SourceCodeAccess (65)
[2016.04.29-00.13.08:707][349]LogModuleManager: Shutting down and abandoning module HeadMountedDisplay (64)
[2016.04.29-00.13.08:707][349]LogModuleManager: Shutting down and abandoning module XAudio2 (63)
[2016.04.29-00.13.08:707][349]LogModuleManager: Shutting down and abandoning module Networking (61)
[2016.04.29-00.13.08:707][349]LogModuleManager: Shutting down and abandoning module Core (60)
[2016.04.29-00.13.08:707][349]LogModuleManager: Shutting down and abandoning module KismetCompiler (59)
[2016.04.29-00.13.08:707][349]LogModuleManager: Shutting down and abandoning module PhysXFormats (58)
[2016.04.29-00.13.08:707][349]LogModuleManager: Shutting down and abandoning module MeshUtilities (57)
[2016.04.29-00.13.08:715][349]LogModuleManager: Shutting down and abandoning module DerivedDataCache (56)
[2016.04.29-00.13.08:721][349]LogDerivedDataCache: Shutdown
[2016.04.29-00.13.08:721][349]LogModuleManager: Shutting down and abandoning module ShaderFormatOpenGL (55)
[2016.04.29-00.13.08:721][349]LogModuleManager: Shutting down and abandoning module ShaderFormatD3D (54)
[2016.04.29-00.13.08:721][349]LogModuleManager: Shutting down and abandoning module MetalShaderFormat (53)
[2016.04.29-00.13.08:721][349]LogModuleManager: Shutting down and abandoning module TextureFormatUncompressed (52)
[2016.04.29-00.13.08:721][349]LogModuleManager: Shutting down and abandoning module TextureFormatPVR (51)
[2016.04.29-00.13.08:721][349]LogModuleManager: Shutting down and abandoning module TextureFormatIntelISPCTexComp (50)
[2016.04.29-00.13.08:721][349]LogModuleManager: Shutting down and abandoning module TextureFormatDXT (49)
[2016.04.29-00.13.08:721][349]LogModuleManager: Shutting down and abandoning module ImageWrapper (48)
[2016.04.29-00.13.08:721][349]LogModuleManager: Shutting down and abandoning module TextureFormatASTC (47)
[2016.04.29-00.13.08:721][349]LogModuleManager: Shutting down and abandoning module TextureFormatAndroid (46)
[2016.04.29-00.13.08:721][349]LogModuleManager: Shutting down and abandoning module AudioFormatOpus (45)
[2016.04.29-00.13.08:721][349]LogModuleManager: Shutting down and abandoning module AudioFormatOgg (44)
[2016.04.29-00.13.08:721][349]LogModuleManager: Shutting down and abandoning module AudioFormatADPCM (43)
[2016.04.29-00.13.08:721][349]LogModuleManager: Shutting down and abandoning module LinuxTargetPlatform (42)
[2016.04.29-00.13.08:721][349]LogModuleManager: Shutting down and abandoning module LinuxServerTargetPlatform (41)
[2016.04.29-00.13.08:721][349]LogModuleManager: Shutting down and abandoning module LinuxNoEditorTargetPlatform (40)
[2016.04.29-00.13.08:721][349]LogModuleManager: Shutting down and abandoning module Messaging (39)
[2016.04.29-00.13.08:721][349]LogModuleManager: Shutting down and abandoning module IOSTargetPlatform (38)
[2016.04.29-00.13.08:721][349]LogModuleManager: Shutting down and abandoning module HTML5TargetPlatform (37)
[2016.04.29-00.13.08:721][349]LogModuleManager: Shutting down and abandoning module Android_PVRTCTargetPlatform (36)
[2016.04.29-00.13.08:721][349]LogModuleManager: Shutting down and abandoning module Android_MultiTargetPlatform (35)
[2016.04.29-00.13.08:721][349]LogModuleManager: Shutting down and abandoning module Android_ETC2TargetPlatform (34)
[2016.04.29-00.13.08:721][349]LogModuleManager: Shutting down and abandoning module Android_ETC1TargetPlatform (33)
[2016.04.29-00.13.08:750][349]LogModuleManager: Shutting down and abandoning module Android_DXTTargetPlatform (32)
[2016.04.29-00.13.08:750][349]LogModuleManager: Shutting down and abandoning module Android_ATCTargetPlatform (31)
[2016.04.29-00.13.08:750][349]LogModuleManager: Shutting down and abandoning module Android_ASTCTargetPlatform (30)
[2016.04.29-00.13.08:750][349]LogModuleManager: Shutting down and abandoning module AndroidTargetPlatform (29)
[2016.04.29-00.13.08:750][349]LogModuleManager: Shutting down and abandoning module WindowsTargetPlatform (28)
[2016.04.29-00.13.08:750][349]LogModuleManager: Shutting down and abandoning module WindowsServerTargetPlatform (27)
[2016.04.29-00.13.08:750][349]LogModuleManager: Shutting down and abandoning module WindowsNoEditorTargetPlatform (26)
[2016.04.29-00.13.08:750][349]LogModuleManager: Shutting down and abandoning module WindowsClientTargetPlatform (25)
[2016.04.29-00.13.08:750][349]LogModuleManager: Shutting down and abandoning module AllDesktopTargetPlatform (24)
[2016.04.29-00.13.08:750][349]LogModuleManager: Shutting down and abandoning module TargetPlatform (23)
[2016.04.29-00.13.08:750][349]LogModuleManager: Shutting down and abandoning module InputCore (22)
[2016.04.29-00.13.08:750][349]LogModuleManager: Shutting down and abandoning module Settings (21)
[2016.04.29-00.13.08:750][349]LogModuleManager: Shutting down and abandoning module OnlineSubsystem (19)
[2016.04.29-00.13.08:750][349]LogModuleManager: Shutting down and abandoning module HTTP (18)
[2016.04.29-00.13.08:751][349]LogModuleManager: Shutting down and abandoning module XMPP (17)
[2016.04.29-00.13.08:779][349]LogModuleManager: Shutting down and abandoning module OculusRift (16)
[2016.04.29-00.13.08:779][349]LogModuleManager: Shutting down and abandoning module ExampleDeviceProfileSelector (15)
[2016.04.29-00.13.08:779][349]LogModuleManager: Shutting down and abandoning module TextureCompressor (14)
[2016.04.29-00.13.08:779][349]LogModuleManager: Shutting down and abandoning module ShaderCore (13)
[2016.04.29-00.13.08:779][349]LogModuleManager: Shutting down and abandoning module Landscape (12)
[2016.04.29-00.13.08:779][349]LogModuleManager: Shutting down and abandoning module SlateRHIRenderer (11)
[2016.04.29-00.13.08:780][349]LogModuleManager: Shutting down and abandoning module OpenGLDrv (10)
[2016.04.29-00.13.08:803][349]LogModuleManager: Shutting down and abandoning module D3D11RHI (9)
[2016.04.29-00.13.08:803][349]LogModuleManager: Shutting down and abandoning module AnimGraphRuntime (8)
[2016.04.29-00.13.08:803][349]LogModuleManager: Shutting down and abandoning module Renderer (7)
[2016.04.29-00.13.08:803][349]LogModuleManager: Shutting down and abandoning module Engine (6)
[2016.04.29-00.13.08:803][349]LogModuleManager: Shutting down and abandoning module CoreUObject (5)
[2016.04.29-00.13.08:803][349]LogModuleManager: Shutting down and abandoning module NetworkFile (4)
[2016.04.29-00.13.08:803][349]LogModuleManager: Shutting down and abandoning module StreamingFile (3)
[2016.04.29-00.13.08:803][349]LogModuleManager: Shutting down and abandoning module SandboxFile (2)
[2016.04.29-00.13.08:803][349]LogModuleManager: Shutting down and abandoning module PakFile (1)
[2016.04.29-00.13.08:804][349]LogExit: Exiting.
[2016.04.29-00.13.08:806][349]Log file closed, 04/28/16 17:13:08
